<?xml version="1.0" encoding="utf-8"?>
<CoverageSession>
  <Summary numSequencePoints="481" visitedSequencePoints="193" numBranchPoints="86" visitedBranchPoints="30" sequenceCoverage="40.12" branchCoverage="34.88" maxCyclomaticComplexity="111" minCyclomaticComplexity="111" visitedClasses="3" numClasses="5" visitedMethods="19" numMethods="41" />
  <Modules>
    <Module hash="32290E21-C9D6-4BC0-B5EB-0D91B103411E">
      <ModulePath>FakeXrmEasy.Plugins.dll</ModulePath>
      <ModuleTime>2021-10-16T04:32:06</ModuleTime>
      <ModuleName>FakeXrmEasy.Plugins</ModuleName>
      <Files>
        <File uid="1" fullPath="C:\code\DynamicsValue\fake-xrm-easy-plugins\src\FakeXrmEasy.Plugins\Middleware\Pipeline\MiddlewareBuilderPipelineExtensions.cs" />
        <File uid="2" fullPath="C:\code\DynamicsValue\fake-xrm-easy-plugins\src\FakeXrmEasy.Plugins\Middleware\Pipeline\PipelineOptions.cs" />
        <File uid="3" fullPath="C:\code\DynamicsValue\fake-xrm-easy-plugins\src\FakeXrmEasy.Plugins\IXrmFakedContextPluginExtensions.cs" />
        <File uid="4" fullPath="C:\code\DynamicsValue\fake-xrm-easy-plugins\src\FakeXrmEasy.Plugins\XrmFakedPluginContextProperties.cs" />
        <File uid="5" fullPath="C:\code\DynamicsValue\fake-xrm-easy-plugins\src\FakeXrmEasy.Plugins\IXrmFakedContextPipelineExtensions.cs" />
      </Files>
      <Classes>
        <Class>
          <Summary numSequencePoints="43" visitedSequencePoints="16" numBranchPoints="4" visitedBranchPoints="0" sequenceCoverage="37.2" branchCoverage="0" maxCyclomaticComplexity="2" minCyclomaticComplexity="1" visitedClasses="1" numClasses="1" visitedMethods="2" numMethods="5" />
          <FullName>FakeXrmEasy.Middleware.Pipeline.MiddlewareBuilderPipelineExtensions</FullName>
          <Methods>
            <Method cyclomaticComplexity="1" nPathComplexity="0" sequenceCoverage="100" branchCoverage="100" isConstructor="False" isGetter="False" isSetter="False" isStatic="True">
              <Summary numSequencePoints="11" visitedSequencePoints="11" numBranchPoints="0" visitedBranchPoints="0" sequenceCoverage="100" branchCoverage="100" maxCyclomaticComplexity="1" minCyclomaticComplexity="1" visitedClasses="0" numClasses="0" visitedMethods="1" numMethods="1" />
              <MetadataToken />
              <Name>FakeXrmEasy.Abstractions.Middleware.IMiddlewareBuilder FakeXrmEasy.Middleware.Pipeline.MiddlewareBuilderPipelineExtensions::AddPipelineSimulation(FakeXrmEasy.Abstractions.Middleware.IMiddlewareBuilder)</Name>
              <FileRef uid="1" />
              <SequencePoints>
                <SequencePoint vc="14" uspid="14" ordinal="0" sl="14" sc="1" el="14" ec="2" bec="0" bev="0" fileid="1" />
                <SequencePoint vc="28" uspid="15" ordinal="1" sl="15" sc="1" el="15" ec="2" bec="0" bev="0" fileid="1" />
                <SequencePoint vc="28" uspid="16" ordinal="2" sl="16" sc="1" el="16" ec="2" bec="0" bev="0" fileid="1" />
                <SequencePoint vc="28" uspid="17" ordinal="3" sl="17" sc="1" el="17" ec="2" bec="0" bev="0" fileid="1" />
                <SequencePoint vc="28" uspid="18" ordinal="4" sl="18" sc="1" el="18" ec="2" bec="0" bev="0" fileid="1" />
                <SequencePoint vc="28" uspid="19" ordinal="5" sl="19" sc="1" el="19" ec="2" bec="0" bev="0" fileid="1" />
                <SequencePoint vc="14" uspid="20" ordinal="6" sl="20" sc="1" el="20" ec="2" bec="0" bev="0" fileid="1" />
                <SequencePoint vc="28" uspid="21" ordinal="7" sl="21" sc="1" el="21" ec="2" bec="0" bev="0" fileid="1" />
                <SequencePoint vc="28" uspid="22" ordinal="8" sl="22" sc="1" el="22" ec="2" bec="0" bev="0" fileid="1" />
                <SequencePoint vc="14" uspid="24" ordinal="9" sl="24" sc="1" el="24" ec="2" bec="0" bev="0" fileid="1" />
                <SequencePoint vc="14" uspid="25" ordinal="10" sl="25" sc="1" el="25" ec="2" bec="0" bev="0" fileid="1" />
              </SequencePoints>
              <BranchPoints />
              <MethodPoint vc="11" uspid="0" p8:type="SequencePoint" ordinal="0" offset="0" sc="0" sl="14" ec="1" el="25" bec="0" bev="0" fileid="1" xmlns:p8="xsi" />
            </Method>
            <Method cyclomaticComplexity="2" nPathComplexity="0" sequenceCoverage="23.8" branchCoverage="0" isConstructor="False" isGetter="False" isSetter="False" isStatic="True">
              <Summary numSequencePoints="21" visitedSequencePoints="5" numBranchPoints="2" visitedBranchPoints="0" sequenceCoverage="23.8" branchCoverage="0" maxCyclomaticComplexity="2" minCyclomaticComplexity="2" visitedClasses="0" numClasses="0" visitedMethods="1" numMethods="1" />
              <MetadataToken />
              <Name>FakeXrmEasy.Abstractions.Middleware.IMiddlewareBuilder FakeXrmEasy.Middleware.Pipeline.MiddlewareBuilderPipelineExtensions::UsePipelineSimulation(FakeXrmEasy.Abstractions.Middleware.IMiddlewareBuilder)</Name>
              <FileRef uid="1" />
              <SequencePoints>
                <SequencePoint vc="14" uspid="28" ordinal="0" sl="28" sc="1" el="28" ec="2" bec="0" bev="0" fileid="1" />
                <SequencePoint vc="0" uspid="30" ordinal="1" sl="30" sc="1" el="30" ec="2" bec="0" bev="0" fileid="1" />
                <SequencePoint vc="14" uspid="31" ordinal="2" sl="31" sc="1" el="31" ec="2" bec="0" bev="0" fileid="1" />
                <SequencePoint vc="0" uspid="32" ordinal="3" sl="32" sc="1" el="32" ec="2" bec="0" bev="0" fileid="1" />
                <SequencePoint vc="0" uspid="33" ordinal="4" sl="33" sc="1" el="33" ec="2" bec="0" bev="0" fileid="1" />
                <SequencePoint vc="0" uspid="34" ordinal="5" sl="34" sc="1" el="34" ec="2" bec="2" bev="0" fileid="1" />
                <SequencePoint vc="0" uspid="35" ordinal="6" sl="35" sc="1" el="35" ec="2" bec="0" bev="0" fileid="1" />
                <SequencePoint vc="0" uspid="36" ordinal="7" sl="36" sc="1" el="36" ec="2" bec="0" bev="0" fileid="1" />
                <SequencePoint vc="0" uspid="37" ordinal="8" sl="37" sc="1" el="37" ec="2" bec="0" bev="0" fileid="1" />
                <SequencePoint vc="0" uspid="38" ordinal="9" sl="38" sc="1" el="38" ec="2" bec="0" bev="0" fileid="1" />
                <SequencePoint vc="0" uspid="39" ordinal="10" sl="39" sc="1" el="39" ec="2" bec="0" bev="0" fileid="1" />
                <SequencePoint vc="0" uspid="40" ordinal="11" sl="40" sc="1" el="40" ec="2" bec="0" bev="0" fileid="1" />
                <SequencePoint vc="0" uspid="41" ordinal="12" sl="41" sc="1" el="41" ec="2" bec="0" bev="0" fileid="1" />
                <SequencePoint vc="0" uspid="42" ordinal="13" sl="42" sc="1" el="42" ec="2" bec="0" bev="0" fileid="1" />
                <SequencePoint vc="0" uspid="43" ordinal="14" sl="43" sc="1" el="43" ec="2" bec="0" bev="0" fileid="1" />
                <SequencePoint vc="0" uspid="44" ordinal="15" sl="44" sc="1" el="44" ec="2" bec="0" bev="0" fileid="1" />
                <SequencePoint vc="0" uspid="45" ordinal="16" sl="45" sc="1" el="45" ec="2" bec="0" bev="0" fileid="1" />
                <SequencePoint vc="0" uspid="46" ordinal="17" sl="46" sc="1" el="46" ec="2" bec="0" bev="0" fileid="1" />
                <SequencePoint vc="14" uspid="48" ordinal="18" sl="48" sc="1" el="48" ec="2" bec="0" bev="0" fileid="1" />
                <SequencePoint vc="14" uspid="49" ordinal="19" sl="49" sc="1" el="49" ec="2" bec="0" bev="0" fileid="1" />
                <SequencePoint vc="14" uspid="50" ordinal="20" sl="50" sc="1" el="50" ec="2" bec="0" bev="0" fileid="1" />
              </SequencePoints>
              <BranchPoints>
                <BranchPoint vc="0" uspid="34" ordinal="0" path="0" offset="10" offsetend="12" sl="34" fileid="1" />
                <BranchPoint vc="0" uspid="34" ordinal="1" path="1" offset="10" offsetend="47" sl="34" fileid="1" />
              </BranchPoints>
              <MethodPoint vc="5" uspid="0" p8:type="SequencePoint" ordinal="1" offset="1" sc="0" sl="28" ec="1" el="50" bec="0" bev="0" fileid="1" xmlns:p8="xsi" />
            </Method>
            <Method cyclomaticComplexity="2" nPathComplexity="0" sequenceCoverage="0" branchCoverage="0" isConstructor="False" isGetter="False" isSetter="False" isStatic="True">
              <Summary numSequencePoints="4" visitedSequencePoints="0" numBranchPoints="2" visitedBranchPoints="0" sequenceCoverage="0" branchCoverage="0" maxCyclomaticComplexity="2" minCyclomaticComplexity="2" visitedClasses="0" numClasses="0" visitedMethods="0" numMethods="1" />
              <MetadataToken />
              <Name>System.Boolean FakeXrmEasy.Middleware.Pipeline.MiddlewareBuilderPipelineExtensions::CanHandleRequest(FakeXrmEasy.Abstractions.IXrmFakedContext,Microsoft.Xrm.Sdk.OrganizationRequest)</Name>
              <FileRef uid="1" />
              <SequencePoints>
                <SequencePoint vc="0" uspid="53" ordinal="0" sl="53" sc="1" el="53" ec="2" bec="0" bev="0" fileid="1" />
                <SequencePoint vc="0" uspid="54" ordinal="1" sl="54" sc="1" el="54" ec="2" bec="0" bev="0" fileid="1" />
                <SequencePoint vc="0" uspid="55" ordinal="2" sl="55" sc="1" el="55" ec="2" bec="2" bev="0" fileid="1" />
                <SequencePoint vc="0" uspid="56" ordinal="3" sl="56" sc="1" el="56" ec="2" bec="0" bev="0" fileid="1" />
              </SequencePoints>
              <BranchPoints>
                <BranchPoint vc="0" uspid="55" ordinal="0" path="0" offset="9" offsetend="11" sl="55" fileid="1" />
                <BranchPoint vc="0" uspid="55" ordinal="1" path="1" offset="9" offsetend="14" sl="55" fileid="1" />
              </BranchPoints>
              <MethodPoint vc="0" uspid="0" p8:type="SequencePoint" ordinal="2" offset="2" sc="0" sl="53" ec="1" el="56" bec="0" bev="0" fileid="1" xmlns:p8="xsi" />
            </Method>
            <Method cyclomaticComplexity="1" nPathComplexity="0" sequenceCoverage="0" branchCoverage="100" isConstructor="False" isGetter="False" isSetter="False" isStatic="True">
              <Summary numSequencePoints="3" visitedSequencePoints="0" numBranchPoints="0" visitedBranchPoints="0" sequenceCoverage="0" branchCoverage="100" maxCyclomaticComplexity="1" minCyclomaticComplexity="1" visitedClasses="0" numClasses="0" visitedMethods="0" numMethods="1" />
              <MetadataToken />
              <Name>System.Void FakeXrmEasy.Middleware.Pipeline.MiddlewareBuilderPipelineExtensions::ProcessPreOperation(FakeXrmEasy.Abstractions.IXrmFakedContext,Microsoft.Xrm.Sdk.OrganizationRequest)</Name>
              <FileRef uid="1" />
              <SequencePoints>
                <SequencePoint vc="0" uspid="59" ordinal="0" sl="59" sc="1" el="59" ec="2" bec="0" bev="0" fileid="1" />
                <SequencePoint vc="0" uspid="60" ordinal="1" sl="60" sc="1" el="60" ec="2" bec="0" bev="0" fileid="1" />
                <SequencePoint vc="0" uspid="61" ordinal="2" sl="61" sc="1" el="61" ec="2" bec="0" bev="0" fileid="1" />
              </SequencePoints>
              <BranchPoints />
              <MethodPoint vc="0" uspid="0" p8:type="SequencePoint" ordinal="3" offset="3" sc="0" sl="59" ec="1" el="61" bec="0" bev="0" fileid="1" xmlns:p8="xsi" />
            </Method>
            <Method cyclomaticComplexity="1" nPathComplexity="0" sequenceCoverage="0" branchCoverage="100" isConstructor="False" isGetter="False" isSetter="False" isStatic="True">
              <Summary numSequencePoints="4" visitedSequencePoints="0" numBranchPoints="0" visitedBranchPoints="0" sequenceCoverage="0" branchCoverage="100" maxCyclomaticComplexity="1" minCyclomaticComplexity="1" visitedClasses="0" numClasses="0" visitedMethods="0" numMethods="1" />
              <MetadataToken />
              <Name>System.Void FakeXrmEasy.Middleware.Pipeline.MiddlewareBuilderPipelineExtensions::ProcessPostOperation(FakeXrmEasy.Abstractions.IXrmFakedContext,Microsoft.Xrm.Sdk.OrganizationRequest)</Name>
              <FileRef uid="1" />
              <SequencePoints>
                <SequencePoint vc="0" uspid="64" ordinal="0" sl="64" sc="1" el="64" ec="2" bec="0" bev="0" fileid="1" />
                <SequencePoint vc="0" uspid="65" ordinal="1" sl="65" sc="1" el="65" ec="2" bec="0" bev="0" fileid="1" />
                <SequencePoint vc="0" uspid="66" ordinal="2" sl="66" sc="1" el="66" ec="2" bec="0" bev="0" fileid="1" />
                <SequencePoint vc="0" uspid="67" ordinal="3" sl="67" sc="1" el="67" ec="2" bec="0" bev="0" fileid="1" />
              </SequencePoints>
              <BranchPoints />
              <MethodPoint vc="0" uspid="0" p8:type="SequencePoint" ordinal="4" offset="4" sc="0" sl="64" ec="1" el="67" bec="0" bev="0" fileid="1" xmlns:p8="xsi" />
            </Method>
          </Methods>
        </Class>
        <Class>
          <Summary numSequencePoints="1" visitedSequencePoints="0" numBranchPoints="0" visitedBranchPoints="0" sequenceCoverage="0" branchCoverage="100" maxCyclomaticComplexity="1" minCyclomaticComplexity="1" visitedClasses="0" numClasses="1" visitedMethods="0" numMethods="1" />
          <FullName>FakeXrmEasy.Middleware.Pipeline.PipelineOptions</FullName>
          <Methods>
            <Method cyclomaticComplexity="1" nPathComplexity="0" sequenceCoverage="0" branchCoverage="100" isConstructor="False" isGetter="True" isSetter="False" isStatic="True">
              <Summary numSequencePoints="1" visitedSequencePoints="0" numBranchPoints="0" visitedBranchPoints="0" sequenceCoverage="0" branchCoverage="100" maxCyclomaticComplexity="1" minCyclomaticComplexity="1" visitedClasses="0" numClasses="0" visitedMethods="0" numMethods="1" />
              <MetadataToken />
              <Name>System.Boolean FakeXrmEasy.Middleware.Pipeline.PipelineOptions::get_UsePipelineSimulation()</Name>
              <FileRef uid="2" />
              <SequencePoints>
                <SequencePoint vc="0" uspid="7" ordinal="0" sl="7" sc="1" el="7" ec="2" bec="0" bev="0" fileid="2" />
              </SequencePoints>
              <BranchPoints />
              <MethodPoint vc="0" uspid="0" p8:type="SequencePoint" ordinal="0" offset="0" sc="0" sl="7" ec="1" el="7" bec="0" bev="0" fileid="2" xmlns:p8="xsi" />
            </Method>
          </Methods>
        </Class>
        <Class>
          <Summary numSequencePoints="138" visitedSequencePoints="97" numBranchPoints="16" visitedBranchPoints="10" sequenceCoverage="70.28" branchCoverage="62.5" maxCyclomaticComplexity="4" minCyclomaticComplexity="1" visitedClasses="1" numClasses="1" visitedMethods="10" numMethods="15" />
          <FullName>FakeXrmEasy.Plugins.IXrmFakedContextPluginExtensions</FullName>
          <Methods>
            <Method cyclomaticComplexity="4" nPathComplexity="0" sequenceCoverage="100" branchCoverage="50" isConstructor="False" isGetter="False" isSetter="False" isStatic="True">
              <Summary numSequencePoints="19" visitedSequencePoints="19" numBranchPoints="4" visitedBranchPoints="2" sequenceCoverage="100" branchCoverage="50" maxCyclomaticComplexity="4" minCyclomaticComplexity="4" visitedClasses="0" numClasses="0" visitedMethods="1" numMethods="1" />
              <MetadataToken />
              <Name>FakeXrmEasy.Abstractions.Plugins.XrmFakedPluginExecutionContext FakeXrmEasy.Plugins.IXrmFakedContextPluginExtensions::GetDefaultPluginContext(FakeXrmEasy.Abstractions.IXrmFakedContext)</Name>
              <FileRef uid="3" />
              <SequencePoints>
                <SequencePoint vc="20" uspid="17" ordinal="0" sl="17" sc="1" el="17" ec="2" bec="0" bev="0" fileid="3" />
                <SequencePoint vc="20" uspid="18" ordinal="1" sl="18" sc="1" el="18" ec="2" bec="2" bev="1" fileid="3" />
                <SequencePoint vc="20" uspid="19" ordinal="2" sl="19" sc="1" el="19" ec="2" bec="2" bev="1" fileid="3" />
                <SequencePoint vc="20" uspid="21" ordinal="3" sl="21" sc="1" el="21" ec="2" bec="0" bev="0" fileid="3" />
                <SequencePoint vc="20" uspid="22" ordinal="4" sl="22" sc="1" el="22" ec="2" bec="0" bev="0" fileid="3" />
                <SequencePoint vc="20" uspid="23" ordinal="5" sl="23" sc="1" el="23" ec="2" bec="0" bev="0" fileid="3" />
                <SequencePoint vc="20" uspid="24" ordinal="6" sl="24" sc="1" el="24" ec="2" bec="0" bev="0" fileid="3" />
                <SequencePoint vc="20" uspid="25" ordinal="7" sl="25" sc="1" el="25" ec="2" bec="0" bev="0" fileid="3" />
                <SequencePoint vc="20" uspid="26" ordinal="8" sl="26" sc="1" el="26" ec="2" bec="0" bev="0" fileid="3" />
                <SequencePoint vc="20" uspid="27" ordinal="9" sl="27" sc="1" el="27" ec="2" bec="0" bev="0" fileid="3" />
                <SequencePoint vc="20" uspid="28" ordinal="10" sl="28" sc="1" el="28" ec="2" bec="0" bev="0" fileid="3" />
                <SequencePoint vc="20" uspid="29" ordinal="11" sl="29" sc="1" el="29" ec="2" bec="0" bev="0" fileid="3" />
                <SequencePoint vc="20" uspid="30" ordinal="12" sl="30" sc="1" el="30" ec="2" bec="0" bev="0" fileid="3" />
                <SequencePoint vc="20" uspid="31" ordinal="13" sl="31" sc="1" el="31" ec="2" bec="0" bev="0" fileid="3" />
                <SequencePoint vc="20" uspid="32" ordinal="14" sl="32" sc="1" el="32" ec="2" bec="0" bev="0" fileid="3" />
                <SequencePoint vc="20" uspid="33" ordinal="15" sl="33" sc="1" el="33" ec="2" bec="0" bev="0" fileid="3" />
                <SequencePoint vc="20" uspid="34" ordinal="16" sl="34" sc="1" el="34" ec="2" bec="0" bev="0" fileid="3" />
                <SequencePoint vc="20" uspid="35" ordinal="17" sl="35" sc="1" el="35" ec="2" bec="0" bev="0" fileid="3" />
                <SequencePoint vc="20" uspid="36" ordinal="18" sl="36" sc="1" el="36" ec="2" bec="0" bev="0" fileid="3" />
              </SequencePoints>
              <BranchPoints>
                <BranchPoint vc="0" uspid="18" ordinal="0" path="0" offset="13" offsetend="15" sl="18" fileid="3" />
                <BranchPoint vc="20" uspid="18" ordinal="1" path="1" offset="13" offsetend="23" sl="18" fileid="3" />
                <BranchPoint vc="0" uspid="19" ordinal="2" path="0" offset="41" offsetend="43" sl="19" fileid="3" />
                <BranchPoint vc="20" uspid="19" ordinal="3" path="1" offset="41" offsetend="51" sl="19" fileid="3" />
              </BranchPoints>
              <MethodPoint vc="19" uspid="0" p8:type="SequencePoint" ordinal="0" offset="0" sc="0" sl="17" ec="1" el="36" bec="0" bev="0" fileid="3" xmlns:p8="xsi" />
            </Method>
            <Method cyclomaticComplexity="2" nPathComplexity="0" sequenceCoverage="100" branchCoverage="100" isConstructor="False" isGetter="False" isSetter="False" isStatic="True">
              <Summary numSequencePoints="7" visitedSequencePoints="7" numBranchPoints="2" visitedBranchPoints="2" sequenceCoverage="100" branchCoverage="100" maxCyclomaticComplexity="2" minCyclomaticComplexity="2" visitedClasses="0" numClasses="0" visitedMethods="1" numMethods="1" />
              <MetadataToken />
              <Name>FakeXrmEasy.Abstractions.Plugins.IXrmFakedPluginContextProperties FakeXrmEasy.Plugins.IXrmFakedContextPluginExtensions::GetPluginContextProperties(FakeXrmEasy.Abstractions.IXrmFakedContext)</Name>
              <FileRef uid="3" />
              <SequencePoints>
                <SequencePoint vc="25" uspid="39" ordinal="0" sl="39" sc="1" el="39" ec="2" bec="0" bev="0" fileid="3" />
                <SequencePoint vc="25" uspid="40" ordinal="1" sl="40" sc="1" el="40" ec="2" bec="2" bev="2" fileid="3" />
                <SequencePoint vc="21" uspid="41" ordinal="2" sl="41" sc="1" el="41" ec="2" bec="0" bev="0" fileid="3" />
                <SequencePoint vc="21" uspid="42" ordinal="3" sl="42" sc="1" el="42" ec="2" bec="0" bev="0" fileid="3" />
                <SequencePoint vc="21" uspid="43" ordinal="4" sl="43" sc="1" el="43" ec="2" bec="0" bev="0" fileid="3" />
                <SequencePoint vc="25" uspid="44" ordinal="5" sl="44" sc="1" el="44" ec="2" bec="0" bev="0" fileid="3" />
                <SequencePoint vc="25" uspid="45" ordinal="6" sl="45" sc="1" el="45" ec="2" bec="0" bev="0" fileid="3" />
              </SequencePoints>
              <BranchPoints>
                <BranchPoint vc="21" uspid="40" ordinal="0" path="0" offset="12" offsetend="14" sl="40" fileid="3" />
                <BranchPoint vc="25" uspid="40" ordinal="1" path="1" offset="12" offsetend="40" sl="40" fileid="3" />
              </BranchPoints>
              <MethodPoint vc="7" uspid="0" p8:type="SequencePoint" ordinal="1" offset="1" sc="0" sl="39" ec="1" el="45" bec="0" bev="0" fileid="3" xmlns:p8="xsi" />
            </Method>
            <Method cyclomaticComplexity="1" nPathComplexity="0" sequenceCoverage="100" branchCoverage="100" isConstructor="False" isGetter="False" isSetter="False" isStatic="True">
              <Summary numSequencePoints="12" visitedSequencePoints="12" numBranchPoints="0" visitedBranchPoints="0" sequenceCoverage="100" branchCoverage="100" maxCyclomaticComplexity="1" minCyclomaticComplexity="1" visitedClasses="0" numClasses="0" visitedMethods="1" numMethods="1" />
              <MetadataToken />
              <Name>Microsoft.Xrm.Sdk.IPlugin FakeXrmEasy.Plugins.IXrmFakedContextPluginExtensions::ExecutePluginWith(FakeXrmEasy.Abstractions.IXrmFakedContext,FakeXrmEasy.Abstractions.Plugins.XrmFakedPluginExecutionContext,Microsoft.Xrm.Sdk.IPlugin)</Name>
              <FileRef uid="3" />
              <SequencePoints>
                <SequencePoint vc="20" uspid="54" ordinal="0" sl="54" sc="1" el="54" ec="2" bec="0" bev="0" fileid="3" />
                <SequencePoint vc="20" uspid="55" ordinal="1" sl="55" sc="1" el="55" ec="2" bec="0" bev="0" fileid="3" />
                <SequencePoint vc="20" uspid="57" ordinal="2" sl="57" sc="1" el="57" ec="2" bec="0" bev="0" fileid="3" />
                <SequencePoint vc="20" uspid="58" ordinal="3" sl="58" sc="1" el="58" ec="2" bec="0" bev="0" fileid="3" />
                <SequencePoint vc="20" uspid="59" ordinal="4" sl="59" sc="1" el="59" ec="2" bec="0" bev="0" fileid="3" />
                <SequencePoint vc="40" uspid="60" ordinal="5" sl="60" sc="1" el="60" ec="2" bec="0" bev="0" fileid="3" />
                <SequencePoint vc="40" uspid="61" ordinal="6" sl="61" sc="1" el="61" ec="2" bec="0" bev="0" fileid="3" />
                <SequencePoint vc="40" uspid="62" ordinal="7" sl="62" sc="1" el="62" ec="2" bec="0" bev="0" fileid="3" />
                <SequencePoint vc="39" uspid="63" ordinal="8" sl="63" sc="1" el="63" ec="2" bec="0" bev="0" fileid="3" />
                <SequencePoint vc="20" uspid="65" ordinal="9" sl="65" sc="1" el="65" ec="2" bec="0" bev="0" fileid="3" />
                <SequencePoint vc="19" uspid="66" ordinal="10" sl="66" sc="1" el="66" ec="2" bec="0" bev="0" fileid="3" />
                <SequencePoint vc="19" uspid="67" ordinal="11" sl="67" sc="1" el="67" ec="2" bec="0" bev="0" fileid="3" />
              </SequencePoints>
              <BranchPoints />
              <MethodPoint vc="12" uspid="0" p8:type="SequencePoint" ordinal="2" offset="2" sc="0" sl="54" ec="1" el="67" bec="0" bev="0" fileid="3" xmlns:p8="xsi" />
            </Method>
            <Method cyclomaticComplexity="2" nPathComplexity="0" sequenceCoverage="100" branchCoverage="100" isConstructor="False" isGetter="False" isSetter="False" isStatic="True">
              <Summary numSequencePoints="7" visitedSequencePoints="7" numBranchPoints="2" visitedBranchPoints="2" sequenceCoverage="100" branchCoverage="100" maxCyclomaticComplexity="2" minCyclomaticComplexity="2" visitedClasses="0" numClasses="0" visitedMethods="1" numMethods="1" />
              <MetadataToken />
              <Name>Microsoft.Xrm.Sdk.IPlugin FakeXrmEasy.Plugins.IXrmFakedContextPluginExtensions::ExecutePluginWith(FakeXrmEasy.Abstractions.IXrmFakedContext,FakeXrmEasy.Abstractions.Plugins.XrmFakedPluginExecutionContext)</Name>
              <FileRef uid="3" />
              <SequencePoints>
                <SequencePoint vc="10" uspid="77" ordinal="0" sl="77" sc="1" el="77" ec="2" bec="0" bev="0" fileid="3" />
                <SequencePoint vc="10" uspid="78" ordinal="1" sl="78" sc="1" el="78" ec="2" bec="2" bev="2" fileid="3" />
                <SequencePoint vc="1" uspid="79" ordinal="2" sl="79" sc="1" el="79" ec="2" bec="0" bev="0" fileid="3" />
                <SequencePoint vc="1" uspid="80" ordinal="3" sl="80" sc="1" el="80" ec="2" bec="0" bev="0" fileid="3" />
                <SequencePoint vc="1" uspid="81" ordinal="4" sl="81" sc="1" el="81" ec="2" bec="0" bev="0" fileid="3" />
                <SequencePoint vc="10" uspid="83" ordinal="5" sl="83" sc="1" el="83" ec="2" bec="0" bev="0" fileid="3" />
                <SequencePoint vc="10" uspid="84" ordinal="6" sl="84" sc="1" el="84" ec="2" bec="0" bev="0" fileid="3" />
              </SequencePoints>
              <BranchPoints>
                <BranchPoint vc="1" uspid="78" ordinal="0" path="0" offset="7" offsetend="9" sl="78" fileid="3" />
                <BranchPoint vc="10" uspid="78" ordinal="1" path="1" offset="7" offsetend="19" sl="78" fileid="3" />
              </BranchPoints>
              <MethodPoint vc="7" uspid="0" p8:type="SequencePoint" ordinal="3" offset="3" sc="0" sl="77" ec="1" el="84" bec="0" bev="0" fileid="3" xmlns:p8="xsi" />
            </Method>
            <Method cyclomaticComplexity="1" nPathComplexity="0" sequenceCoverage="100" branchCoverage="100" isConstructor="False" isGetter="False" isSetter="False" isStatic="True">
              <Summary numSequencePoints="17" visitedSequencePoints="17" numBranchPoints="0" visitedBranchPoints="0" sequenceCoverage="100" branchCoverage="100" maxCyclomaticComplexity="1" minCyclomaticComplexity="1" visitedClasses="0" numClasses="0" visitedMethods="1" numMethods="1" />
              <MetadataToken />
              <Name>Microsoft.Xrm.Sdk.IPlugin FakeXrmEasy.Plugins.IXrmFakedContextPluginExtensions::ExecutePluginWith(FakeXrmEasy.Abstractions.IXrmFakedContext,Microsoft.Xrm.Sdk.ParameterCollection,Microsoft.Xrm.Sdk.ParameterCollection,Microsoft.Xrm.Sdk.EntityImageCollection,Microsoft.Xrm.Sdk.EntityImageCollection)</Name>
              <FileRef uid="3" />
              <SequencePoints>
                <SequencePoint vc="1" uspid="89" ordinal="0" sl="89" sc="1" el="89" ec="2" bec="0" bev="0" fileid="3" />
                <SequencePoint vc="1" uspid="90" ordinal="1" sl="90" sc="1" el="90" ec="2" bec="0" bev="0" fileid="3" />
                <SequencePoint vc="1" uspid="91" ordinal="2" sl="91" sc="1" el="91" ec="2" bec="0" bev="0" fileid="3" />
                <SequencePoint vc="1" uspid="92" ordinal="3" sl="92" sc="1" el="92" ec="2" bec="0" bev="0" fileid="3" />
                <SequencePoint vc="1" uspid="93" ordinal="4" sl="93" sc="1" el="93" ec="2" bec="0" bev="0" fileid="3" />
                <SequencePoint vc="1" uspid="94" ordinal="5" sl="94" sc="1" el="94" ec="2" bec="0" bev="0" fileid="3" />
                <SequencePoint vc="1" uspid="96" ordinal="6" sl="96" sc="1" el="96" ec="2" bec="0" bev="0" fileid="3" />
                <SequencePoint vc="1" uspid="98" ordinal="7" sl="98" sc="1" el="98" ec="2" bec="0" bev="0" fileid="3" />
                <SequencePoint vc="1" uspid="99" ordinal="8" sl="99" sc="1" el="99" ec="2" bec="0" bev="0" fileid="3" />
                <SequencePoint vc="1" uspid="100" ordinal="9" sl="100" sc="1" el="100" ec="2" bec="0" bev="0" fileid="3" />
                <SequencePoint vc="2" uspid="101" ordinal="10" sl="101" sc="1" el="101" ec="2" bec="0" bev="0" fileid="3" />
                <SequencePoint vc="2" uspid="102" ordinal="11" sl="102" sc="1" el="102" ec="2" bec="0" bev="0" fileid="3" />
                <SequencePoint vc="2" uspid="103" ordinal="12" sl="103" sc="1" el="103" ec="2" bec="0" bev="0" fileid="3" />
                <SequencePoint vc="2" uspid="104" ordinal="13" sl="104" sc="1" el="104" ec="2" bec="0" bev="0" fileid="3" />
                <SequencePoint vc="1" uspid="106" ordinal="14" sl="106" sc="1" el="106" ec="2" bec="0" bev="0" fileid="3" />
                <SequencePoint vc="1" uspid="107" ordinal="15" sl="107" sc="1" el="107" ec="2" bec="0" bev="0" fileid="3" />
                <SequencePoint vc="1" uspid="108" ordinal="16" sl="108" sc="1" el="108" ec="2" bec="0" bev="0" fileid="3" />
              </SequencePoints>
              <BranchPoints />
              <MethodPoint vc="17" uspid="0" p8:type="SequencePoint" ordinal="4" offset="4" sc="0" sl="89" ec="1" el="108" bec="0" bev="0" fileid="3" xmlns:p8="xsi" />
            </Method>
            <Method cyclomaticComplexity="4" nPathComplexity="0" sequenceCoverage="100" branchCoverage="100" isConstructor="False" isGetter="False" isSetter="False" isStatic="True">
              <Summary numSequencePoints="9" visitedSequencePoints="9" numBranchPoints="4" visitedBranchPoints="4" sequenceCoverage="100" branchCoverage="100" maxCyclomaticComplexity="4" minCyclomaticComplexity="4" visitedClasses="0" numClasses="0" visitedMethods="1" numMethods="1" />
              <MetadataToken />
              <Name>Microsoft.Xrm.Sdk.IPlugin FakeXrmEasy.Plugins.IXrmFakedContextPluginExtensions::ExecutePluginWithConfigurations(FakeXrmEasy.Abstractions.IXrmFakedContext,FakeXrmEasy.Abstractions.Plugins.XrmFakedPluginExecutionContext,System.String,System.String)</Name>
              <FileRef uid="3" />
              <SequencePoints>
                <SequencePoint vc="5" uspid="112" ordinal="0" sl="112" sc="1" el="112" ec="2" bec="0" bev="0" fileid="3" />
                <SequencePoint vc="5" uspid="113" ordinal="1" sl="113" sc="1" el="113" ec="2" bec="0" bev="0" fileid="3" />
                <SequencePoint vc="5" uspid="114" ordinal="2" sl="114" sc="1" el="114" ec="2" bec="0" bev="0" fileid="3" />
                <SequencePoint vc="17" uspid="116" ordinal="3" sl="116" sc="1" el="116" ec="2" bec="4" bev="4" fileid="3" />
                <SequencePoint vc="2" uspid="117" ordinal="4" sl="117" sc="1" el="117" ec="2" bec="0" bev="0" fileid="3" />
                <SequencePoint vc="2" uspid="118" ordinal="5" sl="118" sc="1" el="118" ec="2" bec="0" bev="0" fileid="3" />
                <SequencePoint vc="3" uspid="121" ordinal="6" sl="121" sc="1" el="121" ec="2" bec="0" bev="0" fileid="3" />
                <SequencePoint vc="3" uspid="123" ordinal="7" sl="123" sc="1" el="123" ec="2" bec="0" bev="0" fileid="3" />
                <SequencePoint vc="3" uspid="124" ordinal="8" sl="124" sc="1" el="124" ec="2" bec="0" bev="0" fileid="3" />
              </SequencePoints>
              <BranchPoints>
                <BranchPoint vc="7" uspid="116" ordinal="0" path="0" offset="31" offsetend="33" sl="116" fileid="3" />
                <BranchPoint vc="8" uspid="116" ordinal="1" path="1" offset="31" offsetend="56" sl="116" fileid="3" />
                <BranchPoint vc="5" uspid="116" ordinal="2" path="0" offset="66" offsetend="68" sl="116" fileid="3" />
                <BranchPoint vc="6" uspid="116" ordinal="3" path="1" offset="66" offsetend="80" sl="116" fileid="3" />
              </BranchPoints>
              <MethodPoint vc="9" uspid="0" p8:type="SequencePoint" ordinal="5" offset="5" sc="0" sl="112" ec="1" el="124" bec="0" bev="0" fileid="3" xmlns:p8="xsi" />
            </Method>
            <Method cyclomaticComplexity="4" nPathComplexity="0" sequenceCoverage="0" branchCoverage="0" isConstructor="False" isGetter="False" isSetter="False" isStatic="True">
              <Summary numSequencePoints="20" visitedSequencePoints="0" numBranchPoints="4" visitedBranchPoints="0" sequenceCoverage="0" branchCoverage="0" maxCyclomaticComplexity="4" minCyclomaticComplexity="4" visitedClasses="0" numClasses="0" visitedMethods="0" numMethods="1" />
              <MetadataToken />
              <Name>Microsoft.Xrm.Sdk.IPlugin FakeXrmEasy.Plugins.IXrmFakedContextPluginExtensions::ExecutePluginWithConfigurations(FakeXrmEasy.Abstractions.IXrmFakedContext,FakeXrmEasy.Abstractions.Plugins.XrmFakedPluginExecutionContext,T,System.String,System.String)</Name>
              <FileRef uid="3" />
              <SequencePoints>
                <SequencePoint vc="0" uspid="129" ordinal="0" sl="129" sc="1" el="129" ec="2" bec="0" bev="0" fileid="3" />
                <SequencePoint vc="0" uspid="130" ordinal="1" sl="130" sc="1" el="130" ec="2" bec="0" bev="0" fileid="3" />
                <SequencePoint vc="0" uspid="132" ordinal="2" sl="132" sc="1" el="132" ec="2" bec="0" bev="0" fileid="3" />
                <SequencePoint vc="0" uspid="134" ordinal="3" sl="134" sc="1" el="134" ec="2" bec="0" bev="0" fileid="3" />
                <SequencePoint vc="0" uspid="135" ordinal="4" sl="135" sc="1" el="135" ec="2" bec="0" bev="0" fileid="3" />
                <SequencePoint vc="0" uspid="136" ordinal="5" sl="136" sc="1" el="136" ec="2" bec="0" bev="0" fileid="3" />
                <SequencePoint vc="0" uspid="137" ordinal="6" sl="137" sc="1" el="137" ec="2" bec="0" bev="0" fileid="3" />
                <SequencePoint vc="0" uspid="138" ordinal="7" sl="138" sc="1" el="138" ec="2" bec="0" bev="0" fileid="3" />
                <SequencePoint vc="0" uspid="139" ordinal="8" sl="139" sc="1" el="139" ec="2" bec="0" bev="0" fileid="3" />
                <SequencePoint vc="0" uspid="140" ordinal="9" sl="140" sc="1" el="140" ec="2" bec="4" bev="0" fileid="3" />
                <SequencePoint vc="0" uspid="141" ordinal="10" sl="141" sc="1" el="141" ec="2" bec="0" bev="0" fileid="3" />
                <SequencePoint vc="0" uspid="142" ordinal="11" sl="142" sc="1" el="142" ec="2" bec="0" bev="0" fileid="3" />
                <SequencePoint vc="0" uspid="143" ordinal="12" sl="143" sc="1" el="143" ec="2" bec="0" bev="0" fileid="3" />
                <SequencePoint vc="0" uspid="144" ordinal="13" sl="144" sc="1" el="144" ec="2" bec="0" bev="0" fileid="3" />
                <SequencePoint vc="0" uspid="145" ordinal="14" sl="145" sc="1" el="145" ec="2" bec="0" bev="0" fileid="3" />
                <SequencePoint vc="0" uspid="146" ordinal="15" sl="146" sc="1" el="146" ec="2" bec="0" bev="0" fileid="3" />
                <SequencePoint vc="0" uspid="147" ordinal="16" sl="147" sc="1" el="147" ec="2" bec="0" bev="0" fileid="3" />
                <SequencePoint vc="0" uspid="149" ordinal="17" sl="149" sc="1" el="149" ec="2" bec="0" bev="0" fileid="3" />
                <SequencePoint vc="0" uspid="150" ordinal="18" sl="150" sc="1" el="150" ec="2" bec="0" bev="0" fileid="3" />
                <SequencePoint vc="0" uspid="151" ordinal="19" sl="151" sc="1" el="151" ec="2" bec="0" bev="0" fileid="3" />
              </SequencePoints>
              <BranchPoints>
                <BranchPoint vc="0" uspid="140" ordinal="0" path="0" offset="26" offsetend="28" sl="140" fileid="3" />
                <BranchPoint vc="0" uspid="140" ordinal="1" path="1" offset="26" offsetend="51" sl="140" fileid="3" />
                <BranchPoint vc="0" uspid="140" ordinal="2" path="0" offset="61" offsetend="63" sl="140" fileid="3" />
                <BranchPoint vc="0" uspid="140" ordinal="3" path="1" offset="61" offsetend="75" sl="140" fileid="3" />
              </BranchPoints>
              <MethodPoint vc="0" uspid="0" p8:type="SequencePoint" ordinal="6" offset="6" sc="0" sl="129" ec="1" el="151" bec="0" bev="0" fileid="3" xmlns:p8="xsi" />
            </Method>
            <Method cyclomaticComplexity="1" nPathComplexity="0" sequenceCoverage="0" branchCoverage="100" isConstructor="False" isGetter="False" isSetter="False" isStatic="True">
              <Summary numSequencePoints="6" visitedSequencePoints="0" numBranchPoints="0" visitedBranchPoints="0" sequenceCoverage="0" branchCoverage="100" maxCyclomaticComplexity="1" minCyclomaticComplexity="1" visitedClasses="0" numClasses="0" visitedMethods="0" numMethods="1" />
              <MetadataToken />
              <Name>Microsoft.Xrm.Sdk.IPlugin FakeXrmEasy.Plugins.IXrmFakedContextPluginExtensions::ExecutePluginWithTarget(FakeXrmEasy.Abstractions.IXrmFakedContext,FakeXrmEasy.Abstractions.Plugins.XrmFakedPluginExecutionContext,Microsoft.Xrm.Sdk.Entity,System.String,System.Int32)</Name>
              <FileRef uid="3" />
              <SequencePoints>
                <SequencePoint vc="0" uspid="155" ordinal="0" sl="155" sc="1" el="155" ec="2" bec="0" bev="0" fileid="3" />
                <SequencePoint vc="0" uspid="156" ordinal="1" sl="156" sc="1" el="156" ec="2" bec="0" bev="0" fileid="3" />
                <SequencePoint vc="0" uspid="157" ordinal="2" sl="157" sc="1" el="157" ec="2" bec="0" bev="0" fileid="3" />
                <SequencePoint vc="0" uspid="158" ordinal="3" sl="158" sc="1" el="158" ec="2" bec="0" bev="0" fileid="3" />
                <SequencePoint vc="0" uspid="160" ordinal="4" sl="160" sc="1" el="160" ec="2" bec="0" bev="0" fileid="3" />
                <SequencePoint vc="0" uspid="161" ordinal="5" sl="161" sc="1" el="161" ec="2" bec="0" bev="0" fileid="3" />
              </SequencePoints>
              <BranchPoints />
              <MethodPoint vc="0" uspid="0" p8:type="SequencePoint" ordinal="7" offset="7" sc="0" sl="155" ec="1" el="161" bec="0" bev="0" fileid="3" xmlns:p8="xsi" />
            </Method>
            <Method cyclomaticComplexity="1" nPathComplexity="0" sequenceCoverage="100" branchCoverage="100" isConstructor="False" isGetter="False" isSetter="False" isStatic="True">
              <Summary numSequencePoints="3" visitedSequencePoints="3" numBranchPoints="0" visitedBranchPoints="0" sequenceCoverage="100" branchCoverage="100" maxCyclomaticComplexity="1" minCyclomaticComplexity="1" visitedClasses="0" numClasses="0" visitedMethods="1" numMethods="1" />
              <MetadataToken />
              <Name>Microsoft.Xrm.Sdk.IPlugin FakeXrmEasy.Plugins.IXrmFakedContextPluginExtensions::ExecutePluginWithTarget(FakeXrmEasy.Abstractions.IXrmFakedContext,Microsoft.Xrm.Sdk.Entity,System.String,System.Int32)</Name>
              <FileRef uid="3" />
              <SequencePoints>
                <SequencePoint vc="6" uspid="174" ordinal="0" sl="174" sc="1" el="174" ec="2" bec="0" bev="0" fileid="3" />
                <SequencePoint vc="6" uspid="175" ordinal="1" sl="175" sc="1" el="175" ec="2" bec="0" bev="0" fileid="3" />
                <SequencePoint vc="5" uspid="176" ordinal="2" sl="176" sc="1" el="176" ec="2" bec="0" bev="0" fileid="3" />
              </SequencePoints>
              <BranchPoints />
              <MethodPoint vc="3" uspid="0" p8:type="SequencePoint" ordinal="8" offset="8" sc="0" sl="174" ec="1" el="176" bec="0" bev="0" fileid="3" xmlns:p8="xsi" />
            </Method>
            <Method cyclomaticComplexity="1" nPathComplexity="0" sequenceCoverage="100" branchCoverage="100" isConstructor="False" isGetter="False" isSetter="False" isStatic="True">
              <Summary numSequencePoints="7" visitedSequencePoints="7" numBranchPoints="0" visitedBranchPoints="0" sequenceCoverage="100" branchCoverage="100" maxCyclomaticComplexity="1" minCyclomaticComplexity="1" visitedClasses="0" numClasses="0" visitedMethods="1" numMethods="1" />
              <MetadataToken />
              <Name>Microsoft.Xrm.Sdk.IPlugin FakeXrmEasy.Plugins.IXrmFakedContextPluginExtensions::ExecutePluginWithTarget(FakeXrmEasy.Abstractions.IXrmFakedContext,Microsoft.Xrm.Sdk.IPlugin,Microsoft.Xrm.Sdk.Entity,System.String,System.Int32)</Name>
              <FileRef uid="3" />
              <SequencePoints>
                <SequencePoint vc="6" uspid="188" ordinal="0" sl="188" sc="1" el="188" ec="2" bec="0" bev="0" fileid="3" />
                <SequencePoint vc="6" uspid="189" ordinal="1" sl="189" sc="1" el="189" ec="2" bec="0" bev="0" fileid="3" />
                <SequencePoint vc="6" uspid="192" ordinal="2" sl="192" sc="1" el="192" ec="2" bec="0" bev="0" fileid="3" />
                <SequencePoint vc="6" uspid="193" ordinal="3" sl="193" sc="1" el="193" ec="2" bec="0" bev="0" fileid="3" />
                <SequencePoint vc="6" uspid="194" ordinal="4" sl="194" sc="1" el="194" ec="2" bec="0" bev="0" fileid="3" />
                <SequencePoint vc="6" uspid="196" ordinal="5" sl="196" sc="1" el="196" ec="2" bec="0" bev="0" fileid="3" />
                <SequencePoint vc="5" uspid="197" ordinal="6" sl="197" sc="1" el="197" ec="2" bec="0" bev="0" fileid="3" />
              </SequencePoints>
              <BranchPoints />
              <MethodPoint vc="7" uspid="0" p8:type="SequencePoint" ordinal="9" offset="9" sc="0" sl="188" ec="1" el="197" bec="0" bev="0" fileid="3" xmlns:p8="xsi" />
            </Method>
            <Method cyclomaticComplexity="1" nPathComplexity="0" sequenceCoverage="0" branchCoverage="100" isConstructor="False" isGetter="False" isSetter="False" isStatic="True">
              <Summary numSequencePoints="3" visitedSequencePoints="0" numBranchPoints="0" visitedBranchPoints="0" sequenceCoverage="0" branchCoverage="100" maxCyclomaticComplexity="1" minCyclomaticComplexity="1" visitedClasses="0" numClasses="0" visitedMethods="0" numMethods="1" />
              <MetadataToken />
              <Name>Microsoft.Xrm.Sdk.IPlugin FakeXrmEasy.Plugins.IXrmFakedContextPluginExtensions::ExecutePluginWithTargetReference(FakeXrmEasy.Abstractions.IXrmFakedContext,Microsoft.Xrm.Sdk.EntityReference,System.String,System.Int32)</Name>
              <FileRef uid="3" />
              <SequencePoints>
                <SequencePoint vc="0" uspid="210" ordinal="0" sl="210" sc="1" el="210" ec="2" bec="0" bev="0" fileid="3" />
                <SequencePoint vc="0" uspid="211" ordinal="1" sl="211" sc="1" el="211" ec="2" bec="0" bev="0" fileid="3" />
                <SequencePoint vc="0" uspid="212" ordinal="2" sl="212" sc="1" el="212" ec="2" bec="0" bev="0" fileid="3" />
              </SequencePoints>
              <BranchPoints />
              <MethodPoint vc="0" uspid="0" p8:type="SequencePoint" ordinal="10" offset="10" sc="0" sl="210" ec="1" el="212" bec="0" bev="0" fileid="3" xmlns:p8="xsi" />
            </Method>
            <Method cyclomaticComplexity="1" nPathComplexity="0" sequenceCoverage="0" branchCoverage="100" isConstructor="False" isGetter="False" isSetter="False" isStatic="True">
              <Summary numSequencePoints="7" visitedSequencePoints="0" numBranchPoints="0" visitedBranchPoints="0" sequenceCoverage="0" branchCoverage="100" maxCyclomaticComplexity="1" minCyclomaticComplexity="1" visitedClasses="0" numClasses="0" visitedMethods="0" numMethods="1" />
              <MetadataToken />
              <Name>Microsoft.Xrm.Sdk.IPlugin FakeXrmEasy.Plugins.IXrmFakedContextPluginExtensions::ExecutePluginWithTargetReference(FakeXrmEasy.Abstractions.IXrmFakedContext,Microsoft.Xrm.Sdk.IPlugin,Microsoft.Xrm.Sdk.EntityReference,System.String,System.Int32)</Name>
              <FileRef uid="3" />
              <SequencePoints>
                <SequencePoint vc="0" uspid="224" ordinal="0" sl="224" sc="1" el="224" ec="2" bec="0" bev="0" fileid="3" />
                <SequencePoint vc="0" uspid="225" ordinal="1" sl="225" sc="1" el="225" ec="2" bec="0" bev="0" fileid="3" />
                <SequencePoint vc="0" uspid="227" ordinal="2" sl="227" sc="1" el="227" ec="2" bec="0" bev="0" fileid="3" />
                <SequencePoint vc="0" uspid="228" ordinal="3" sl="228" sc="1" el="228" ec="2" bec="0" bev="0" fileid="3" />
                <SequencePoint vc="0" uspid="229" ordinal="4" sl="229" sc="1" el="229" ec="2" bec="0" bev="0" fileid="3" />
                <SequencePoint vc="0" uspid="231" ordinal="5" sl="231" sc="1" el="231" ec="2" bec="0" bev="0" fileid="3" />
                <SequencePoint vc="0" uspid="232" ordinal="6" sl="232" sc="1" el="232" ec="2" bec="0" bev="0" fileid="3" />
              </SequencePoints>
              <BranchPoints />
              <MethodPoint vc="0" uspid="0" p8:type="SequencePoint" ordinal="11" offset="11" sc="0" sl="224" ec="1" el="232" bec="0" bev="0" fileid="3" xmlns:p8="xsi" />
            </Method>
            <Method cyclomaticComplexity="1" nPathComplexity="0" sequenceCoverage="100" branchCoverage="100" isConstructor="False" isGetter="False" isSetter="False" isStatic="True">
              <Summary numSequencePoints="8" visitedSequencePoints="8" numBranchPoints="0" visitedBranchPoints="0" sequenceCoverage="100" branchCoverage="100" maxCyclomaticComplexity="1" minCyclomaticComplexity="1" visitedClasses="0" numClasses="0" visitedMethods="1" numMethods="1" />
              <MetadataToken />
              <Name>Microsoft.Xrm.Sdk.IPlugin FakeXrmEasy.Plugins.IXrmFakedContextPluginExtensions::ExecutePluginWithTargetAndPreEntityImages(FakeXrmEasy.Abstractions.IXrmFakedContext,System.Object,Microsoft.Xrm.Sdk.EntityImageCollection,System.String,System.Int32)</Name>
              <FileRef uid="3" />
              <SequencePoints>
                <SequencePoint vc="1" uspid="242" ordinal="0" sl="242" sc="1" el="242" ec="2" bec="0" bev="0" fileid="3" />
                <SequencePoint vc="1" uspid="243" ordinal="1" sl="243" sc="1" el="243" ec="2" bec="0" bev="0" fileid="3" />
                <SequencePoint vc="1" uspid="245" ordinal="2" sl="245" sc="1" el="245" ec="2" bec="0" bev="0" fileid="3" />
                <SequencePoint vc="1" uspid="246" ordinal="3" sl="246" sc="1" el="246" ec="2" bec="0" bev="0" fileid="3" />
                <SequencePoint vc="1" uspid="247" ordinal="4" sl="247" sc="1" el="247" ec="2" bec="0" bev="0" fileid="3" />
                <SequencePoint vc="1" uspid="248" ordinal="5" sl="248" sc="1" el="248" ec="2" bec="0" bev="0" fileid="3" />
                <SequencePoint vc="1" uspid="250" ordinal="6" sl="250" sc="1" el="250" ec="2" bec="0" bev="0" fileid="3" />
                <SequencePoint vc="1" uspid="251" ordinal="7" sl="251" sc="1" el="251" ec="2" bec="0" bev="0" fileid="3" />
              </SequencePoints>
              <BranchPoints />
              <MethodPoint vc="8" uspid="0" p8:type="SequencePoint" ordinal="12" offset="12" sc="0" sl="242" ec="1" el="251" bec="0" bev="0" fileid="3" xmlns:p8="xsi" />
            </Method>
            <Method cyclomaticComplexity="1" nPathComplexity="0" sequenceCoverage="100" branchCoverage="100" isConstructor="False" isGetter="False" isSetter="False" isStatic="True">
              <Summary numSequencePoints="8" visitedSequencePoints="8" numBranchPoints="0" visitedBranchPoints="0" sequenceCoverage="100" branchCoverage="100" maxCyclomaticComplexity="1" minCyclomaticComplexity="1" visitedClasses="0" numClasses="0" visitedMethods="1" numMethods="1" />
              <MetadataToken />
              <Name>Microsoft.Xrm.Sdk.IPlugin FakeXrmEasy.Plugins.IXrmFakedContextPluginExtensions::ExecutePluginWithTargetAndPostEntityImages(FakeXrmEasy.Abstractions.IXrmFakedContext,System.Object,Microsoft.Xrm.Sdk.EntityImageCollection,System.String,System.Int32)</Name>
              <FileRef uid="3" />
              <SequencePoints>
                <SequencePoint vc="1" uspid="261" ordinal="0" sl="261" sc="1" el="261" ec="2" bec="0" bev="0" fileid="3" />
                <SequencePoint vc="1" uspid="262" ordinal="1" sl="262" sc="1" el="262" ec="2" bec="0" bev="0" fileid="3" />
                <SequencePoint vc="1" uspid="264" ordinal="2" sl="264" sc="1" el="264" ec="2" bec="0" bev="0" fileid="3" />
                <SequencePoint vc="1" uspid="265" ordinal="3" sl="265" sc="1" el="265" ec="2" bec="0" bev="0" fileid="3" />
                <SequencePoint vc="1" uspid="266" ordinal="4" sl="266" sc="1" el="266" ec="2" bec="0" bev="0" fileid="3" />
                <SequencePoint vc="1" uspid="267" ordinal="5" sl="267" sc="1" el="267" ec="2" bec="0" bev="0" fileid="3" />
                <SequencePoint vc="1" uspid="269" ordinal="6" sl="269" sc="1" el="269" ec="2" bec="0" bev="0" fileid="3" />
                <SequencePoint vc="1" uspid="270" ordinal="7" sl="270" sc="1" el="270" ec="2" bec="0" bev="0" fileid="3" />
              </SequencePoints>
              <BranchPoints />
              <MethodPoint vc="8" uspid="0" p8:type="SequencePoint" ordinal="13" offset="13" sc="0" sl="261" ec="1" el="270" bec="0" bev="0" fileid="3" xmlns:p8="xsi" />
            </Method>
            <Method cyclomaticComplexity="1" nPathComplexity="0" sequenceCoverage="0" branchCoverage="100" isConstructor="False" isGetter="False" isSetter="False" isStatic="True">
              <Summary numSequencePoints="5" visitedSequencePoints="0" numBranchPoints="0" visitedBranchPoints="0" sequenceCoverage="0" branchCoverage="100" maxCyclomaticComplexity="1" minCyclomaticComplexity="1" visitedClasses="0" numClasses="0" visitedMethods="0" numMethods="1" />
              <MetadataToken />
              <Name>Microsoft.Xrm.Sdk.IPlugin FakeXrmEasy.Plugins.IXrmFakedContextPluginExtensions::ExecutePluginWithTargetAndInputParameters(FakeXrmEasy.Abstractions.IXrmFakedContext,Microsoft.Xrm.Sdk.Entity,Microsoft.Xrm.Sdk.ParameterCollection,System.String,System.Int32)</Name>
              <FileRef uid="3" />
              <SequencePoints>
                <SequencePoint vc="0" uspid="275" ordinal="0" sl="275" sc="1" el="275" ec="2" bec="0" bev="0" fileid="3" />
                <SequencePoint vc="0" uspid="276" ordinal="1" sl="276" sc="1" el="276" ec="2" bec="0" bev="0" fileid="3" />
                <SequencePoint vc="0" uspid="278" ordinal="2" sl="278" sc="1" el="278" ec="2" bec="0" bev="0" fileid="3" />
                <SequencePoint vc="0" uspid="280" ordinal="3" sl="280" sc="1" el="280" ec="2" bec="0" bev="0" fileid="3" />
                <SequencePoint vc="0" uspid="281" ordinal="4" sl="281" sc="1" el="281" ec="2" bec="0" bev="0" fileid="3" />
              </SequencePoints>
              <BranchPoints />
              <MethodPoint vc="0" uspid="0" p8:type="SequencePoint" ordinal="14" offset="14" sc="0" sl="275" ec="1" el="281" bec="0" bev="0" fileid="3" xmlns:p8="xsi" />
            </Method>
          </Methods>
        </Class>
        <Class>
          <Summary numSequencePoints="107" visitedSequencePoints="80" numBranchPoints="26" visitedBranchPoints="20" sequenceCoverage="74.76" branchCoverage="76.92" maxCyclomaticComplexity="14" minCyclomaticComplexity="1" visitedClasses="1" numClasses="1" visitedMethods="7" numMethods="10" />
          <FullName>FakeXrmEasy.Plugins.XrmFakedPluginContextProperties</FullName>
          <Methods>
            <Method cyclomaticComplexity="1" nPathComplexity="0" sequenceCoverage="0" branchCoverage="100" isConstructor="False" isGetter="True" isSetter="False" isStatic="True">
              <Summary numSequencePoints="1" visitedSequencePoints="0" numBranchPoints="0" visitedBranchPoints="0" sequenceCoverage="0" branchCoverage="100" maxCyclomaticComplexity="1" minCyclomaticComplexity="1" visitedClasses="0" numClasses="0" visitedMethods="0" numMethods="1" />
              <MetadataToken />
              <Name>Microsoft.Xrm.Sdk.IOrganizationService FakeXrmEasy.Plugins.XrmFakedPluginContextProperties::get_OrganizationService()</Name>
              <FileRef uid="4" />
              <SequencePoints>
                <SequencePoint vc="0" uspid="41" ordinal="0" sl="41" sc="1" el="41" ec="2" bec="0" bev="0" fileid="4" />
              </SequencePoints>
              <BranchPoints />
              <MethodPoint vc="0" uspid="0" p8:type="SequencePoint" ordinal="0" offset="0" sc="0" sl="41" ec="1" el="41" bec="0" bev="0" fileid="4" xmlns:p8="xsi" />
            </Method>
            <Method cyclomaticComplexity="1" nPathComplexity="0" sequenceCoverage="100" branchCoverage="100" isConstructor="False" isGetter="True" isSetter="False" isStatic="True">
              <Summary numSequencePoints="1" visitedSequencePoints="1" numBranchPoints="0" visitedBranchPoints="0" sequenceCoverage="100" branchCoverage="100" maxCyclomaticComplexity="1" minCyclomaticComplexity="1" visitedClasses="0" numClasses="0" visitedMethods="1" numMethods="1" />
              <MetadataToken />
              <Name>FakeXrmEasy.Abstractions.IXrmFakedTracingService FakeXrmEasy.Plugins.XrmFakedPluginContextProperties::get_TracingService()</Name>
              <FileRef uid="4" />
              <SequencePoints>
                <SequencePoint vc="3" uspid="42" ordinal="0" sl="42" sc="1" el="42" ec="2" bec="0" bev="0" fileid="4" />
              </SequencePoints>
              <BranchPoints />
              <MethodPoint vc="1" uspid="0" p8:type="SequencePoint" ordinal="1" offset="1" sc="0" sl="42" ec="1" el="42" bec="0" bev="0" fileid="4" xmlns:p8="xsi" />
            </Method>
            <Method cyclomaticComplexity="1" nPathComplexity="0" sequenceCoverage="0" branchCoverage="100" isConstructor="True" isGetter="True" isSetter="False" isStatic="True">
              <Summary numSequencePoints="1" visitedSequencePoints="0" numBranchPoints="0" visitedBranchPoints="0" sequenceCoverage="0" branchCoverage="100" maxCyclomaticComplexity="1" minCyclomaticComplexity="1" visitedClasses="0" numClasses="0" visitedMethods="0" numMethods="1" />
              <MetadataToken />
              <Name>Microsoft.Xrm.Sdk.IOrganizationServiceFactory FakeXrmEasy.Plugins.XrmFakedPluginContextProperties::get_OrganizationServiceFactory()</Name>
              <FileRef uid="4" />
              <SequencePoints>
                <SequencePoint vc="0" uspid="47" ordinal="0" sl="47" sc="1" el="47" ec="2" bec="0" bev="0" fileid="4" />
              </SequencePoints>
              <BranchPoints />
              <MethodPoint vc="0" uspid="0" p8:type="SequencePoint" ordinal="2" offset="2" sc="0" sl="47" ec="1" el="47" bec="0" bev="0" fileid="4" xmlns:p8="xsi" />
            </Method>
            <Method cyclomaticComplexity="1" nPathComplexity="0" sequenceCoverage="100" branchCoverage="100" isConstructor="False" isGetter="True" isSetter="False" isStatic="True">
              <Summary numSequencePoints="1" visitedSequencePoints="1" numBranchPoints="0" visitedBranchPoints="0" sequenceCoverage="100" branchCoverage="100" maxCyclomaticComplexity="1" minCyclomaticComplexity="1" visitedClasses="0" numClasses="0" visitedMethods="1" numMethods="1" />
              <MetadataToken />
              <Name>Microsoft.Xrm.Sdk.IServiceEndpointNotificationService FakeXrmEasy.Plugins.XrmFakedPluginContextProperties::get_ServiceEndpointNotificationService()</Name>
              <FileRef uid="4" />
              <SequencePoints>
                <SequencePoint vc="1" uspid="48" ordinal="0" sl="48" sc="1" el="48" ec="2" bec="0" bev="0" fileid="4" />
              </SequencePoints>
              <BranchPoints />
              <MethodPoint vc="1" uspid="0" p8:type="SequencePoint" ordinal="3" offset="3" sc="0" sl="48" ec="1" el="48" bec="0" bev="0" fileid="4" xmlns:p8="xsi" />
            </Method>
            <Method cyclomaticComplexity="12" nPathComplexity="0" sequenceCoverage="93.33" branchCoverage="83.33" isConstructor="False" isGetter="False" isSetter="False" isStatic="True">
              <Summary numSequencePoints="45" visitedSequencePoints="42" numBranchPoints="12" visitedBranchPoints="10" sequenceCoverage="93.33" branchCoverage="83.33" maxCyclomaticComplexity="12" minCyclomaticComplexity="12" visitedClasses="0" numClasses="0" visitedMethods="1" numMethods="1" />
              <MetadataToken />
              <Name>System.IServiceProvider FakeXrmEasy.Plugins.XrmFakedPluginContextProperties::GetServiceProvider(FakeXrmEasy.Abstractions.Plugins.XrmFakedPluginExecutionContext)</Name>
              <FileRef uid="4" />
              <SequencePoints>
                <SequencePoint vc="21" uspid="55" ordinal="0" sl="55" sc="1" el="55" ec="2" bec="0" bev="0" fileid="4" />
                <SequencePoint vc="21" uspid="57" ordinal="1" sl="57" sc="1" el="57" ec="2" bec="0" bev="0" fileid="4" />
                <SequencePoint vc="21" uspid="60" ordinal="2" sl="60" sc="1" el="60" ec="2" bec="0" bev="0" fileid="4" />
                <SequencePoint vc="21" uspid="61" ordinal="3" sl="61" sc="1" el="61" ec="2" bec="0" bev="0" fileid="4" />
                <SequencePoint vc="60" uspid="62" ordinal="4" sl="62" sc="1" el="62" ec="2" bec="0" bev="0" fileid="4" />
                <SequencePoint vc="60" uspid="63" ordinal="5" sl="63" sc="1" el="63" ec="2" bec="2" bev="2" fileid="4" />
                <SequencePoint vc="23" uspid="64" ordinal="6" sl="64" sc="1" el="64" ec="2" bec="0" bev="0" fileid="4" />
                <SequencePoint vc="23" uspid="65" ordinal="7" sl="65" sc="1" el="65" ec="2" bec="0" bev="0" fileid="4" />
                <SequencePoint vc="21" uspid="66" ordinal="8" sl="66" sc="1" el="66" ec="2" bec="0" bev="0" fileid="4" />
                <SequencePoint vc="21" uspid="67" ordinal="9" sl="67" sc="1" el="67" ec="2" bec="0" bev="0" fileid="4" />
                <SequencePoint vc="58" uspid="68" ordinal="10" sl="68" sc="1" el="68" ec="2" bec="2" bev="2" fileid="4" />
                <SequencePoint vc="32" uspid="69" ordinal="11" sl="69" sc="1" el="69" ec="2" bec="0" bev="0" fileid="4" />
                <SequencePoint vc="32" uspid="70" ordinal="12" sl="70" sc="1" el="70" ec="2" bec="0" bev="0" fileid="4" />
                <SequencePoint vc="21" uspid="71" ordinal="13" sl="71" sc="1" el="71" ec="2" bec="0" bev="0" fileid="4" />
                <SequencePoint vc="21" uspid="72" ordinal="14" sl="72" sc="1" el="72" ec="2" bec="0" bev="0" fileid="4" />
                <SequencePoint vc="47" uspid="73" ordinal="15" sl="73" sc="1" el="73" ec="2" bec="2" bev="2" fileid="4" />
                <SequencePoint vc="42" uspid="74" ordinal="16" sl="74" sc="1" el="74" ec="2" bec="0" bev="0" fileid="4" />
                <SequencePoint vc="42" uspid="75" ordinal="17" sl="75" sc="1" el="75" ec="2" bec="0" bev="0" fileid="4" />
                <SequencePoint vc="21" uspid="76" ordinal="18" sl="76" sc="1" el="76" ec="2" bec="0" bev="0" fileid="4" />
                <SequencePoint vc="21" uspid="77" ordinal="19" sl="77" sc="1" el="77" ec="2" bec="0" bev="0" fileid="4" />
                <SequencePoint vc="26" uspid="78" ordinal="20" sl="78" sc="1" el="78" ec="2" bec="2" bev="1" fileid="4" />
                <SequencePoint vc="0" uspid="79" ordinal="21" sl="79" sc="1" el="79" ec="2" bec="0" bev="0" fileid="4" />
                <SequencePoint vc="0" uspid="80" ordinal="22" sl="80" sc="1" el="80" ec="2" bec="0" bev="0" fileid="4" />
                <SequencePoint vc="21" uspid="81" ordinal="23" sl="81" sc="1" el="81" ec="2" bec="0" bev="0" fileid="4" />
                <SequencePoint vc="21" uspid="82" ordinal="24" sl="82" sc="1" el="82" ec="2" bec="0" bev="0" fileid="4" />
                <SequencePoint vc="26" uspid="83" ordinal="25" sl="83" sc="1" el="83" ec="2" bec="2" bev="2" fileid="4" />
                <SequencePoint vc="25" uspid="84" ordinal="26" sl="84" sc="1" el="84" ec="2" bec="0" bev="0" fileid="4" />
                <SequencePoint vc="25" uspid="85" ordinal="27" sl="85" sc="1" el="85" ec="2" bec="0" bev="0" fileid="4" />
                <SequencePoint vc="21" uspid="86" ordinal="28" sl="86" sc="1" el="86" ec="2" bec="0" bev="0" fileid="4" />
                <SequencePoint vc="21" uspid="87" ordinal="29" sl="87" sc="1" el="87" ec="2" bec="0" bev="0" fileid="4" />
                <SequencePoint vc="22" uspid="88" ordinal="30" sl="88" sc="1" el="88" ec="2" bec="2" bev="1" fileid="4" />
                <SequencePoint vc="22" uspid="89" ordinal="31" sl="89" sc="1" el="89" ec="2" bec="0" bev="0" fileid="4" />
                <SequencePoint vc="22" uspid="90" ordinal="32" sl="90" sc="1" el="90" ec="2" bec="0" bev="0" fileid="4" />
                <SequencePoint vc="21" uspid="91" ordinal="33" sl="91" sc="1" el="91" ec="2" bec="0" bev="0" fileid="4" />
                <SequencePoint vc="21" uspid="92" ordinal="34" sl="92" sc="1" el="92" ec="2" bec="0" bev="0" fileid="4" />
                <SequencePoint vc="21" uspid="93" ordinal="35" sl="93" sc="1" el="93" ec="2" bec="0" bev="0" fileid="4" />
                <SequencePoint vc="21" uspid="94" ordinal="36" sl="94" sc="1" el="94" ec="2" bec="0" bev="0" fileid="4" />
                <SequencePoint vc="21" uspid="95" ordinal="37" sl="95" sc="1" el="95" ec="2" bec="0" bev="0" fileid="4" />
                <SequencePoint vc="21" uspid="96" ordinal="38" sl="96" sc="1" el="96" ec="2" bec="0" bev="0" fileid="4" />
                <SequencePoint vc="21" uspid="97" ordinal="39" sl="97" sc="1" el="97" ec="2" bec="0" bev="0" fileid="4" />
                <SequencePoint vc="21" uspid="98" ordinal="40" sl="98" sc="1" el="98" ec="2" bec="0" bev="0" fileid="4" />
                <SequencePoint vc="0" uspid="99" ordinal="41" sl="99" sc="1" el="99" ec="2" bec="0" bev="0" fileid="4" />
                <SequencePoint vc="60" uspid="100" ordinal="42" sl="100" sc="1" el="100" ec="2" bec="0" bev="0" fileid="4" />
                <SequencePoint vc="21" uspid="102" ordinal="43" sl="102" sc="1" el="102" ec="2" bec="0" bev="0" fileid="4" />
                <SequencePoint vc="21" uspid="104" ordinal="44" sl="104" sc="1" el="104" ec="2" bec="0" bev="0" fileid="4" />
              </SequencePoints>
              <BranchPoints>
                <BranchPoint vc="2" uspid="63" ordinal="0" path="0" offset="19" offsetend="21" sl="63" fileid="4" />
                <BranchPoint vc="37" uspid="63" ordinal="1" path="1" offset="19" offsetend="39" sl="63" fileid="4" />
                <BranchPoint vc="11" uspid="68" ordinal="2" path="0" offset="57" offsetend="59" sl="68" fileid="4" />
                <BranchPoint vc="26" uspid="68" ordinal="3" path="1" offset="57" offsetend="77" sl="68" fileid="4" />
                <BranchPoint vc="21" uspid="73" ordinal="4" path="0" offset="95" offsetend="97" sl="73" fileid="4" />
                <BranchPoint vc="5" uspid="73" ordinal="5" path="1" offset="95" offsetend="121" sl="73" fileid="4" />
                <BranchPoint vc="0" uspid="78" ordinal="6" path="0" offset="141" offsetend="143" sl="78" fileid="4" />
                <BranchPoint vc="5" uspid="78" ordinal="7" path="1" offset="141" offsetend="164" sl="78" fileid="4" />
                <BranchPoint vc="4" uspid="83" ordinal="8" path="0" offset="184" offsetend="186" sl="83" fileid="4" />
                <BranchPoint vc="1" uspid="83" ordinal="9" path="1" offset="184" offsetend="201" sl="83" fileid="4" />
                <BranchPoint vc="1" uspid="88" ordinal="10" path="0" offset="221" offsetend="223" sl="88" fileid="4" />
                <BranchPoint vc="0" uspid="88" ordinal="11" path="1" offset="221" offsetend="238" sl="88" fileid="4" />
              </BranchPoints>
              <MethodPoint vc="42" uspid="0" p8:type="SequencePoint" ordinal="4" offset="4" sc="0" sl="55" ec="1" el="104" bec="0" bev="0" fileid="4" xmlns:p8="xsi" />
            </Method>
            <Method cyclomaticComplexity="1" nPathComplexity="0" sequenceCoverage="85.71" branchCoverage="100" isConstructor="False" isGetter="False" isSetter="False" isStatic="True">
              <Summary numSequencePoints="7" visitedSequencePoints="6" numBranchPoints="0" visitedBranchPoints="0" sequenceCoverage="85.71" branchCoverage="100" maxCyclomaticComplexity="1" minCyclomaticComplexity="1" visitedClasses="0" numClasses="0" visitedMethods="1" numMethods="1" />
              <MetadataToken />
              <Name>Microsoft.Xrm.Sdk.IPluginExecutionContext FakeXrmEasy.Plugins.XrmFakedPluginContextProperties::GetFakedPluginContext(FakeXrmEasy.Abstractions.Plugins.XrmFakedPluginExecutionContext)</Name>
              <FileRef uid="4" />
              <SequencePoints>
                <SequencePoint vc="21" uspid="107" ordinal="0" sl="107" sc="1" el="107" ec="2" bec="0" bev="0" fileid="4" />
                <SequencePoint vc="21" uspid="108" ordinal="1" sl="108" sc="1" el="108" ec="2" bec="0" bev="0" fileid="4" />
                <SequencePoint vc="21" uspid="110" ordinal="2" sl="110" sc="1" el="110" ec="2" bec="0" bev="0" fileid="4" />
                <SequencePoint vc="0" uspid="112" ordinal="3" sl="112" sc="1" el="112" ec="2" bec="0" bev="0" fileid="4" />
                <SequencePoint vc="25" uspid="113" ordinal="4" sl="113" sc="1" el="113" ec="2" bec="0" bev="0" fileid="4" />
                <SequencePoint vc="21" uspid="115" ordinal="5" sl="115" sc="1" el="115" ec="2" bec="0" bev="0" fileid="4" />
                <SequencePoint vc="21" uspid="116" ordinal="6" sl="116" sc="1" el="116" ec="2" bec="0" bev="0" fileid="4" />
              </SequencePoints>
              <BranchPoints />
              <MethodPoint vc="6" uspid="0" p8:type="SequencePoint" ordinal="5" offset="5" sc="0" sl="107" ec="1" el="116" bec="0" bev="0" fileid="4" xmlns:p8="xsi" />
            </Method>
            <Method cyclomaticComplexity="1" nPathComplexity="0" sequenceCoverage="0" branchCoverage="100" isConstructor="False" isGetter="False" isSetter="False" isStatic="True">
              <Summary numSequencePoints="5" visitedSequencePoints="0" numBranchPoints="0" visitedBranchPoints="0" sequenceCoverage="0" branchCoverage="100" maxCyclomaticComplexity="1" minCyclomaticComplexity="1" visitedClasses="0" numClasses="0" visitedMethods="0" numMethods="1" />
              <MetadataToken />
              <Name>Microsoft.Xrm.Sdk.IExecutionContext FakeXrmEasy.Plugins.XrmFakedPluginContextProperties::GetFakedExecutionContext(FakeXrmEasy.Abstractions.Plugins.XrmFakedPluginExecutionContext)</Name>
              <FileRef uid="4" />
              <SequencePoints>
                <SequencePoint vc="0" uspid="121" ordinal="0" sl="121" sc="1" el="121" ec="2" bec="0" bev="0" fileid="4" />
                <SequencePoint vc="0" uspid="122" ordinal="1" sl="122" sc="1" el="122" ec="2" bec="0" bev="0" fileid="4" />
                <SequencePoint vc="0" uspid="124" ordinal="2" sl="124" sc="1" el="124" ec="2" bec="0" bev="0" fileid="4" />
                <SequencePoint vc="0" uspid="126" ordinal="3" sl="126" sc="1" el="126" ec="2" bec="0" bev="0" fileid="4" />
                <SequencePoint vc="0" uspid="127" ordinal="4" sl="127" sc="1" el="127" ec="2" bec="0" bev="0" fileid="4" />
              </SequencePoints>
              <BranchPoints />
              <MethodPoint vc="0" uspid="0" p8:type="SequencePoint" ordinal="6" offset="6" sc="0" sl="121" ec="1" el="127" bec="0" bev="0" fileid="4" xmlns:p8="xsi" />
            </Method>
            <Method cyclomaticComplexity="14" nPathComplexity="0" sequenceCoverage="57.89" branchCoverage="71.42" isConstructor="False" isGetter="False" isSetter="False" isStatic="True">
              <Summary numSequencePoints="38" visitedSequencePoints="22" numBranchPoints="14" visitedBranchPoints="10" sequenceCoverage="57.89" branchCoverage="71.42" maxCyclomaticComplexity="14" minCyclomaticComplexity="14" visitedClasses="0" numClasses="0" visitedMethods="1" numMethods="1" />
              <MetadataToken />
              <Name>System.Void FakeXrmEasy.Plugins.XrmFakedPluginContextProperties::PopulateExecutionContextPropertiesFromFakedContext(Microsoft.Xrm.Sdk.IExecutionContext,FakeXrmEasy.Abstractions.Plugins.XrmFakedPluginExecutionContext)</Name>
              <FileRef uid="4" />
              <SequencePoints>
                <SequencePoint vc="21" uspid="130" ordinal="0" sl="130" sc="1" el="130" ec="2" bec="0" bev="0" fileid="4" />
                <SequencePoint vc="21" uspid="131" ordinal="1" sl="131" sc="1" el="131" ec="2" bec="0" bev="0" fileid="4" />
                <SequencePoint vc="22" uspid="133" ordinal="2" sl="133" sc="1" el="133" ec="2" bec="2" bev="1" fileid="4" />
                <SequencePoint vc="0" uspid="134" ordinal="3" sl="134" sc="1" el="134" ec="2" bec="0" bev="0" fileid="4" />
                <SequencePoint vc="42" uspid="135" ordinal="4" sl="135" sc="1" el="135" ec="2" bec="0" bev="0" fileid="4" />
                <SequencePoint vc="25" uspid="136" ordinal="5" sl="136" sc="1" el="136" ec="2" bec="0" bev="0" fileid="4" />
                <SequencePoint vc="23" uspid="137" ordinal="6" sl="137" sc="1" el="137" ec="2" bec="0" bev="0" fileid="4" />
                <SequencePoint vc="23" uspid="138" ordinal="7" sl="138" sc="1" el="138" ec="2" bec="0" bev="0" fileid="4" />
                <SequencePoint vc="30" uspid="139" ordinal="8" sl="139" sc="1" el="139" ec="2" bec="0" bev="0" fileid="4" />
                <SequencePoint vc="0" uspid="140" ordinal="9" sl="140" sc="1" el="140" ec="2" bec="0" bev="0" fileid="4" />
                <SequencePoint vc="22" uspid="141" ordinal="10" sl="141" sc="1" el="141" ec="2" bec="0" bev="0" fileid="4" />
                <SequencePoint vc="0" uspid="142" ordinal="11" sl="142" sc="1" el="142" ec="2" bec="0" bev="0" fileid="4" />
                <SequencePoint vc="25" uspid="143" ordinal="12" sl="143" sc="1" el="143" ec="2" bec="2" bev="2" fileid="4" />
                <SequencePoint vc="29" uspid="144" ordinal="13" sl="144" sc="1" el="144" ec="2" bec="2" bev="2" fileid="4" />
                <SequencePoint vc="22" uspid="145" ordinal="14" sl="145" sc="1" el="145" ec="2" bec="0" bev="0" fileid="4" />
                <SequencePoint vc="0" uspid="146" ordinal="15" sl="146" sc="1" el="146" ec="2" bec="0" bev="0" fileid="4" />
                <SequencePoint vc="22" uspid="147" ordinal="16" sl="147" sc="1" el="147" ec="2" bec="0" bev="0" fileid="4" />
                <SequencePoint vc="0" uspid="148" ordinal="17" sl="148" sc="1" el="148" ec="2" bec="0" bev="0" fileid="4" />
                <SequencePoint vc="0" uspid="149" ordinal="18" sl="149" sc="1" el="149" ec="2" bec="0" bev="0" fileid="4" />
                <SequencePoint vc="0" uspid="150" ordinal="19" sl="150" sc="1" el="150" ec="2" bec="0" bev="0" fileid="4" />
                <SequencePoint vc="0" uspid="151" ordinal="20" sl="151" sc="1" el="151" ec="2" bec="0" bev="0" fileid="4" />
                <SequencePoint vc="0" uspid="152" ordinal="21" sl="152" sc="1" el="152" ec="2" bec="0" bev="0" fileid="4" />
                <SequencePoint vc="21" uspid="157" ordinal="22" sl="157" sc="1" el="157" ec="2" bec="4" bev="3" fileid="4" />
                <SequencePoint vc="16" uspid="158" ordinal="23" sl="158" sc="1" el="158" ec="2" bec="0" bev="0" fileid="4" />
                <SequencePoint vc="16" uspid="159" ordinal="24" sl="159" sc="1" el="159" ec="2" bec="2" bev="1" fileid="4" />
                <SequencePoint vc="16" uspid="160" ordinal="25" sl="160" sc="1" el="160" ec="2" bec="0" bev="0" fileid="4" />
                <SequencePoint vc="16" uspid="161" ordinal="26" sl="161" sc="1" el="161" ec="2" bec="0" bev="0" fileid="4" />
                <SequencePoint vc="0" uspid="162" ordinal="27" sl="162" sc="1" el="162" ec="2" bec="0" bev="0" fileid="4" />
                <SequencePoint vc="21" uspid="163" ordinal="28" sl="163" sc="1" el="163" ec="2" bec="0" bev="0" fileid="4" />
                <SequencePoint vc="16" uspid="164" ordinal="29" sl="164" sc="1" el="164" ec="2" bec="0" bev="0" fileid="4" />
                <SequencePoint vc="0" uspid="165" ordinal="30" sl="165" sc="1" el="165" ec="2" bec="2" bev="1" fileid="4" />
                <SequencePoint vc="0" uspid="166" ordinal="31" sl="166" sc="1" el="166" ec="2" bec="0" bev="0" fileid="4" />
                <SequencePoint vc="0" uspid="167" ordinal="32" sl="167" sc="1" el="167" ec="2" bec="0" bev="0" fileid="4" />
                <SequencePoint vc="0" uspid="168" ordinal="33" sl="168" sc="1" el="168" ec="2" bec="0" bev="0" fileid="4" />
                <SequencePoint vc="0" uspid="169" ordinal="34" sl="169" sc="1" el="169" ec="2" bec="0" bev="0" fileid="4" />
                <SequencePoint vc="0" uspid="170" ordinal="35" sl="170" sc="1" el="170" ec="2" bec="0" bev="0" fileid="4" />
                <SequencePoint vc="16" uspid="171" ordinal="36" sl="171" sc="1" el="171" ec="2" bec="0" bev="0" fileid="4" />
                <SequencePoint vc="21" uspid="172" ordinal="37" sl="172" sc="1" el="172" ec="2" bec="0" bev="0" fileid="4" />
              </SequencePoints>
              <BranchPoints>
                <BranchPoint vc="21" uspid="157" ordinal="0" path="0" offset="1743" offsetend="1745" sl="157" fileid="4" />
                <BranchPoint vc="0" uspid="157" ordinal="1" path="1" offset="1743" offsetend="1768" sl="157" fileid="4" />
                <BranchPoint vc="16" uspid="157" ordinal="2" path="0" offset="1771" offsetend="1776" sl="157" fileid="4" />
                <BranchPoint vc="16" uspid="159" ordinal="4" path="0" offset="1808" offsetend="1813" sl="159" fileid="4" />
                <BranchPoint vc="0" uspid="159" ordinal="5" path="1" offset="1808" offsetend="2028" sl="159" fileid="4" />
                <BranchPoint vc="0" uspid="165" ordinal="6" path="0" offset="2061" offsetend="2066" sl="165" fileid="4" />
                <BranchPoint vc="16" uspid="165" ordinal="7" path="1" offset="2061" offsetend="2280" sl="165" fileid="4" />
                <BranchPoint vc="21" uspid="157" ordinal="3" path="1" offset="1771" offsetend="2281" sl="157" fileid="4" />
                <BranchPoint vc="1" uspid="133" ordinal="0" path="0" offset="12" offsetend="14" sl="133" fileid="4" />
                <BranchPoint vc="0" uspid="133" ordinal="1" path="1" offset="12" offsetend="27" sl="133" fileid="4" />
                <BranchPoint vc="3" uspid="143" ordinal="0" path="0" offset="21" offsetend="23" sl="143" fileid="4" />
                <BranchPoint vc="1" uspid="143" ordinal="1" path="1" offset="21" offsetend="36" sl="143" fileid="4" />
                <BranchPoint vc="7" uspid="144" ordinal="0" path="0" offset="21" offsetend="23" sl="144" fileid="4" />
                <BranchPoint vc="1" uspid="144" ordinal="1" path="1" offset="21" offsetend="36" sl="144" fileid="4" />
              </BranchPoints>
              <MethodPoint vc="22" uspid="0" p8:type="SequencePoint" ordinal="7" offset="7" sc="0" sl="130" ec="1" el="172" bec="0" bev="0" fileid="4" xmlns:p8="xsi" />
            </Method>
            <Method cyclomaticComplexity="1" nPathComplexity="0" sequenceCoverage="100" branchCoverage="100" isConstructor="True" isGetter="False" isSetter="False" isStatic="True">
              <Summary numSequencePoints="1" visitedSequencePoints="1" numBranchPoints="0" visitedBranchPoints="0" sequenceCoverage="100" branchCoverage="100" maxCyclomaticComplexity="1" minCyclomaticComplexity="1" visitedClasses="0" numClasses="0" visitedMethods="1" numMethods="1" />
              <MetadataToken />
              <Name>Microsoft.Xrm.Sdk.IOrganizationService FakeXrmEasy.Plugins.XrmFakedPluginContextProperties::&lt;.ctor&gt;b__4_1(System.Nullable`1&lt;System.Guid&gt;)</Name>
              <FileRef uid="4" />
              <SequencePoints>
                <SequencePoint vc="25" uspid="29" ordinal="0" sl="29" sc="1" el="29" ec="2" bec="0" bev="0" fileid="4" />
              </SequencePoints>
              <BranchPoints />
              <MethodPoint vc="1" uspid="0" p8:type="SequencePoint" ordinal="8" offset="8" sc="0" sl="29" ec="1" el="29" bec="0" bev="0" fileid="4" xmlns:p8="xsi" />
            </Method>
            <Method cyclomaticComplexity="1" nPathComplexity="0" sequenceCoverage="100" branchCoverage="100" isConstructor="True" isGetter="False" isSetter="False" isStatic="True">
              <Summary numSequencePoints="7" visitedSequencePoints="7" numBranchPoints="0" visitedBranchPoints="0" sequenceCoverage="100" branchCoverage="100" maxCyclomaticComplexity="1" minCyclomaticComplexity="1" visitedClasses="0" numClasses="0" visitedMethods="1" numMethods="1" />
              <MetadataToken />
              <Name>System.Void FakeXrmEasy.Plugins.XrmFakedPluginContextProperties::.ctor(Microsoft.Xrm.Sdk.IOrganizationService,FakeXrmEasy.Abstractions.IXrmFakedTracingService)</Name>
              <FileRef uid="4" />
              <SequencePoints>
                <SequencePoint vc="21" uspid="23" ordinal="0" sl="23" sc="1" el="23" ec="2" bec="0" bev="0" fileid="4" />
                <SequencePoint vc="21" uspid="24" ordinal="1" sl="24" sc="1" el="24" ec="2" bec="0" bev="0" fileid="4" />
                <SequencePoint vc="21" uspid="25" ordinal="2" sl="25" sc="1" el="25" ec="2" bec="0" bev="0" fileid="4" />
                <SequencePoint vc="21" uspid="26" ordinal="3" sl="26" sc="1" el="26" ec="2" bec="0" bev="0" fileid="4" />
                <SequencePoint vc="21" uspid="28" ordinal="4" sl="28" sc="1" el="28" ec="2" bec="0" bev="0" fileid="4" />
                <SequencePoint vc="21" uspid="31" ordinal="5" sl="31" sc="1" el="31" ec="2" bec="0" bev="0" fileid="4" />
                <SequencePoint vc="21" uspid="38" ordinal="6" sl="38" sc="1" el="38" ec="2" bec="0" bev="0" fileid="4" />
              </SequencePoints>
              <BranchPoints />
              <MethodPoint vc="7" uspid="0" p8:type="SequencePoint" ordinal="9" offset="9" sc="0" sl="23" ec="1" el="38" bec="0" bev="0" fileid="4" xmlns:p8="xsi" />
            </Method>
          </Methods>
        </Class>
        <Class>
          <Summary numSequencePoints="192" visitedSequencePoints="0" numBranchPoints="40" visitedBranchPoints="0" sequenceCoverage="0" branchCoverage="0" maxCyclomaticComplexity="10" minCyclomaticComplexity="1" visitedClasses="0" numClasses="1" visitedMethods="0" numMethods="10" />
          <FullName>FakeXrmEasy.Pipeline.IXrmFakedContextPipelineExtensions</FullName>
          <Methods>
            <Method cyclomaticComplexity="1" nPathComplexity="0" sequenceCoverage="0" branchCoverage="100" isConstructor="False" isGetter="False" isSetter="False" isStatic="True">
              <Summary numSequencePoints="5" visitedSequencePoints="0" numBranchPoints="0" visitedBranchPoints="0" sequenceCoverage="0" branchCoverage="100" maxCyclomaticComplexity="1" minCyclomaticComplexity="1" visitedClasses="0" numClasses="0" visitedMethods="0" numMethods="1" />
              <MetadataToken />
              <Name>System.Void FakeXrmEasy.Pipeline.IXrmFakedContextPipelineExtensions::RegisterPluginStep(FakeXrmEasy.Abstractions.IXrmFakedContext,System.String,FakeXrmEasy.Abstractions.Plugins.Enums.ProcessingStepStage,FakeXrmEasy.Abstractions.Plugins.Enums.ProcessingStepMode,System.Int32,System.String[])</Name>
              <FileRef uid="5" />
              <SequencePoints>
                <SequencePoint vc="0" uspid="30" ordinal="0" sl="30" sc="1" el="30" ec="2" bec="0" bev="0" fileid="5" />
                <SequencePoint vc="0" uspid="31" ordinal="1" sl="31" sc="1" el="31" ec="2" bec="0" bev="0" fileid="5" />
                <SequencePoint vc="0" uspid="32" ordinal="2" sl="32" sc="1" el="32" ec="2" bec="0" bev="0" fileid="5" />
                <SequencePoint vc="0" uspid="34" ordinal="3" sl="34" sc="1" el="34" ec="2" bec="0" bev="0" fileid="5" />
                <SequencePoint vc="0" uspid="35" ordinal="4" sl="35" sc="1" el="35" ec="2" bec="0" bev="0" fileid="5" />
              </SequencePoints>
              <BranchPoints />
              <MethodPoint vc="0" uspid="0" p8:type="SequencePoint" ordinal="0" offset="0" sc="0" sl="30" ec="1" el="35" bec="0" bev="0" fileid="5" xmlns:p8="xsi" />
            </Method>
            <Method cyclomaticComplexity="10" nPathComplexity="0" sequenceCoverage="0" branchCoverage="0" isConstructor="False" isGetter="False" isSetter="False" isStatic="True">
              <Summary numSequencePoints="51" visitedSequencePoints="0" numBranchPoints="10" visitedBranchPoints="0" sequenceCoverage="0" branchCoverage="0" maxCyclomaticComplexity="10" minCyclomaticComplexity="10" visitedClasses="0" numClasses="0" visitedMethods="0" numMethods="1" />
              <MetadataToken />
              <Name>System.Void FakeXrmEasy.Pipeline.IXrmFakedContextPipelineExtensions::RegisterPluginStep(FakeXrmEasy.Abstractions.IXrmFakedContext,System.String,FakeXrmEasy.Abstractions.Plugins.Enums.ProcessingStepStage,FakeXrmEasy.Abstractions.Plugins.Enums.ProcessingStepMode,System.Int32,System.String[],System.Nullable`1&lt;System.Int32&gt;)</Name>
              <FileRef uid="5" />
              <SequencePoints>
                <SequencePoint vc="0" uspid="49" ordinal="0" sl="49" sc="1" el="49" ec="2" bec="0" bev="0" fileid="5" />
[...]
              <FileRef uid="5" />
              <SequencePoints>
                <SequencePoint vc="0" uspid="156" ordinal="0" sl="156" sc="1" el="156" ec="2" bec="0" bev="0" fileid="5" />
                <SequencePoint vc="0" uspid="157" ordinal="1" sl="157" sc="1" el="157" ec="2" bec="0" bev="0" fileid="5" />
                <SequencePoint vc="0" uspid="158" ordinal="2" sl="158" sc="1" el="158" ec="2" bec="2" bev="0" fileid="5" />
                <SequencePoint vc="0" uspid="159" ordinal="3" sl="159" sc="1" el="159" ec="2" bec="0" bev="0" fileid="5" />
                <SequencePoint vc="0" uspid="160" ordinal="4" sl="160" sc="1" el="160" ec="2" bec="0" bev="0" fileid="5" />
                <SequencePoint vc="0" uspid="163" ordinal="5" sl="163" sc="1" el="163" ec="2" bec="0" bev="0" fileid="5" />
                <SequencePoint vc="0" uspid="165" ordinal="6" sl="165" sc="1" el="165" ec="2" bec="0" bev="0" fileid="5" />
                <SequencePoint vc="0" uspid="166" ordinal="7" sl="166" sc="1" el="166" ec="2" bec="0" bev="0" fileid="5" />
              </SequencePoints>
              <BranchPoints>
                <BranchPoint vc="0" uspid="158" ordinal="0" path="0" offset="24" offsetend="26" sl="158" fileid="5" />
                <BranchPoint vc="0" uspid="158" ordinal="1" path="1" offset="24" offsetend="29" sl="158" fileid="5" />
              </BranchPoints>
              <MethodPoint vc="0" uspid="0" p8:type="SequencePoint" ordinal="5" offset="5" sc="0" sl="156" ec="1" el="166" bec="0" bev="0" fileid="5" xmlns:p8="xsi" />
            </Method>
            <Method cyclomaticComplexity="2" nPathComplexity="0" sequenceCoverage="0" branchCoverage="0" isConstructor="False" isGetter="False" isSetter="False" isStatic="True">
              <Summary numSequencePoints="18" visitedSequencePoints="0" numBranchPoints="2" visitedBranchPoints="0" sequenceCoverage="0" branchCoverage="0" maxCyclomaticComplexity="2" minCyclomaticComplexity="2" visitedClasses="0" numClasses="0" visitedMethods="0" numMethods="1" />
              <MetadataToken />
              <Name>System.Void FakeXrmEasy.Pipeline.IXrmFakedContextPipelineExtensions::ExecutePipelinePlugins(FakeXrmEasy.Abstractions.IXrmFakedContext,System.Collections.Generic.IEnumerable`1&lt;Microsoft.Xrm.Sdk.Entity&gt;,System.Object)</Name>
              <FileRef uid="5" />
              <SequencePoints>
                <SequencePoint vc="0" uspid="169" ordinal="0" sl="169" sc="1" el="169" ec="2" bec="0" bev="0" fileid="5" />
                <SequencePoint vc="0" uspid="170" ordinal="1" sl="170" sc="1" el="170" ec="2" bec="2" bev="0" fileid="5" />
                <SequencePoint vc="0" uspid="171" ordinal="2" sl="171" sc="1" el="171" ec="2" bec="0" bev="0" fileid="5" />
                <SequencePoint vc="0" uspid="172" ordinal="3" sl="172" sc="1" el="172" ec="2" bec="0" bev="0" fileid="5" />
                <SequencePoint vc="0" uspid="174" ordinal="4" sl="174" sc="1" el="174" ec="2" bec="0" bev="0" fileid="5" />
                <SequencePoint vc="0" uspid="175" ordinal="5" sl="175" sc="1" el="175" ec="2" bec="0" bev="0" fileid="5" />
                <SequencePoint vc="0" uspid="176" ordinal="6" sl="176" sc="1" el="176" ec="2" bec="0" bev="0" fileid="5" />
                <SequencePoint vc="0" uspid="177" ordinal="7" sl="177" sc="1" el="177" ec="2" bec="0" bev="0" fileid="5" />
                <SequencePoint vc="0" uspid="178" ordinal="8" sl="178" sc="1" el="178" ec="2" bec="0" bev="0" fileid="5" />
                <SequencePoint vc="0" uspid="179" ordinal="9" sl="179" sc="1" el="179" ec="2" bec="0" bev="0" fileid="5" />
                <SequencePoint vc="0" uspid="180" ordinal="10" sl="180" sc="1" el="180" ec="2" bec="0" bev="0" fileid="5" />
                <SequencePoint vc="0" uspid="181" ordinal="11" sl="181" sc="1" el="181" ec="2" bec="0" bev="0" fileid="5" />
                <SequencePoint vc="0" uspid="182" ordinal="12" sl="182" sc="1" el="182" ec="2" bec="0" bev="0" fileid="5" />
                <SequencePoint vc="0" uspid="183" ordinal="13" sl="183" sc="1" el="183" ec="2" bec="0" bev="0" fileid="5" />
                <SequencePoint vc="0" uspid="184" ordinal="14" sl="184" sc="1" el="184" ec="2" bec="0" bev="0" fileid="5" />
                <SequencePoint vc="0" uspid="186" ordinal="15" sl="186" sc="1" el="186" ec="2" bec="0" bev="0" fileid="5" />
                <SequencePoint vc="0" uspid="187" ordinal="16" sl="187" sc="1" el="187" ec="2" bec="0" bev="0" fileid="5" />
                <SequencePoint vc="0" uspid="188" ordinal="17" sl="188" sc="1" el="188" ec="2" bec="0" bev="0" fileid="5" />
              </SequencePoints>
              <BranchPoints>
                <BranchPoint vc="0" uspid="170" ordinal="1" path="1" offset="200" offsetend="14" sl="170" fileid="5" />
                <BranchPoint vc="0" uspid="170" ordinal="0" path="0" offset="200" offsetend="205" sl="170" fileid="5" />
              </BranchPoints>
              <MethodPoint vc="0" uspid="0" p8:type="SequencePoint" ordinal="6" offset="6" sc="0" sl="169" ec="1" el="188" bec="0" bev="0" fileid="5" xmlns:p8="xsi" />
            </Method>
            <Method cyclomaticComplexity="1" nPathComplexity="0" sequenceCoverage="0" branchCoverage="100" isConstructor="False" isGetter="False" isSetter="False" isStatic="True">
              <Summary numSequencePoints="9" visitedSequencePoints="0" numBranchPoints="0" visitedBranchPoints="0" sequenceCoverage="0" branchCoverage="100" maxCyclomaticComplexity="1" minCyclomaticComplexity="1" visitedClasses="0" numClasses="0" visitedMethods="0" numMethods="1" />
              <MetadataToken />
              <Name>System.Reflection.MethodInfo FakeXrmEasy.Pipeline.IXrmFakedContextPipelineExtensions::GetPluginMethod(Microsoft.Xrm.Sdk.Entity)</Name>
              <FileRef uid="5" />
              <SequencePoints>
                <SequencePoint vc="0" uspid="191" ordinal="0" sl="191" sc="1" el="191" ec="2" bec="0" bev="0" fileid="5" />
                <SequencePoint vc="0" uspid="192" ordinal="1" sl="192" sc="1" el="192" ec="2" bec="0" bev="0" fileid="5" />
                <SequencePoint vc="0" uspid="193" ordinal="2" sl="193" sc="1" el="193" ec="2" bec="0" bev="0" fileid="5" />
                <SequencePoint vc="0" uspid="195" ordinal="3" sl="195" sc="1" el="195" ec="2" bec="0" bev="0" fileid="5" />
                <SequencePoint vc="0" uspid="196" ordinal="4" sl="196" sc="1" el="196" ec="2" bec="0" bev="0" fileid="5" />
                <SequencePoint vc="0" uspid="198" ordinal="5" sl="198" sc="1" el="198" ec="2" bec="0" bev="0" fileid="5" />
                <SequencePoint vc="0" uspid="199" ordinal="6" sl="199" sc="1" el="199" ec="2" bec="0" bev="0" fileid="5" />
                <SequencePoint vc="0" uspid="201" ordinal="7" sl="201" sc="1" el="201" ec="2" bec="0" bev="0" fileid="5" />
                <SequencePoint vc="0" uspid="202" ordinal="8" sl="202" sc="1" el="202" ec="2" bec="0" bev="0" fileid="5" />
              </SequencePoints>
              <BranchPoints />
              <MethodPoint vc="0" uspid="0" p8:type="SequencePoint" ordinal="7" offset="7" sc="0" sl="191" ec="1" el="202" bec="0" bev="0" fileid="5" xmlns:p8="xsi" />
            </Method>
            <Method cyclomaticComplexity="6" nPathComplexity="0" sequenceCoverage="0" branchCoverage="0" isConstructor="False" isGetter="False" isSetter="False" isStatic="True">
              <Summary numSequencePoints="53" visitedSequencePoints="0" numBranchPoints="6" visitedBranchPoints="0" sequenceCoverage="0" branchCoverage="0" maxCyclomaticComplexity="6" minCyclomaticComplexity="6" visitedClasses="0" numClasses="0" visitedMethods="0" numMethods="1" />
              <MetadataToken />
              <Name>System.Collections.Generic.IEnumerable`1&lt;Microsoft.Xrm.Sdk.Entity&gt; FakeXrmEasy.Pipeline.IXrmFakedContextPipelineExtensions::GetStepsForStage(FakeXrmEasy.Abstractions.IXrmFakedContext,System.String,FakeXrmEasy.Abstractions.Plugins.Enums.ProcessingStepStage,FakeXrmEasy.Abstractions.Plugins.Enums.ProcessingStepMode,Microsoft.Xrm.Sdk.Entity)</Name>
              <FileRef uid="5" />
              <SequencePoints>
                <SequencePoint vc="0" uspid="205" ordinal="0" sl="205" sc="1" el="205" ec="2" bec="0" bev="0" fileid="5" />
                <SequencePoint vc="0" uspid="206" ordinal="1" sl="206" sc="1" el="206" ec="2" bec="0" bev="0" fileid="5" />
                <SequencePoint vc="0" uspid="207" ordinal="2" sl="207" sc="1" el="207" ec="2" bec="0" bev="0" fileid="5" />
                <SequencePoint vc="0" uspid="208" ordinal="3" sl="208" sc="1" el="208" ec="2" bec="0" bev="0" fileid="5" />
                <SequencePoint vc="0" uspid="209" ordinal="4" sl="209" sc="1" el="209" ec="2" bec="0" bev="0" fileid="5" />
                <SequencePoint vc="0" uspid="210" ordinal="5" sl="210" sc="1" el="210" ec="2" bec="0" bev="0" fileid="5" />
                <SequencePoint vc="0" uspid="211" ordinal="6" sl="211" sc="1" el="211" ec="2" bec="0" bev="0" fileid="5" />
                <SequencePoint vc="0" uspid="212" ordinal="7" sl="212" sc="1" el="212" ec="2" bec="0" bev="0" fileid="5" />
                <SequencePoint vc="0" uspid="213" ordinal="8" sl="213" sc="1" el="213" ec="2" bec="0" bev="0" fileid="5" />
                <SequencePoint vc="0" uspid="214" ordinal="9" sl="214" sc="1" el="214" ec="2" bec="0" bev="0" fileid="5" />
                <SequencePoint vc="0" uspid="215" ordinal="10" sl="215" sc="1" el="215" ec="2" bec="0" bev="0" fileid="5" />
                <SequencePoint vc="0" uspid="216" ordinal="11" sl="216" sc="1" el="216" ec="2" bec="0" bev="0" fileid="5" />
                <SequencePoint vc="0" uspid="217" ordinal="12" sl="217" sc="1" el="217" ec="2" bec="0" bev="0" fileid="5" />
                <SequencePoint vc="0" uspid="218" ordinal="13" sl="218" sc="1" el="218" ec="2" bec="0" bev="0" fileid="5" />
                <SequencePoint vc="0" uspid="219" ordinal="14" sl="219" sc="1" el="219" ec="2" bec="0" bev="0" fileid="5" />
                <SequencePoint vc="0" uspid="220" ordinal="15" sl="220" sc="1" el="220" ec="2" bec="0" bev="0" fileid="5" />
                <SequencePoint vc="0" uspid="221" ordinal="16" sl="221" sc="1" el="221" ec="2" bec="0" bev="0" fileid="5" />
                <SequencePoint vc="0" uspid="222" ordinal="17" sl="222" sc="1" el="222" ec="2" bec="0" bev="0" fileid="5" />
                <SequencePoint vc="0" uspid="223" ordinal="18" sl="223" sc="1" el="223" ec="2" bec="0" bev="0" fileid="5" />
                <SequencePoint vc="0" uspid="224" ordinal="19" sl="224" sc="1" el="224" ec="2" bec="0" bev="0" fileid="5" />
                <SequencePoint vc="0" uspid="225" ordinal="20" sl="225" sc="1" el="225" ec="2" bec="0" bev="0" fileid="5" />
                <SequencePoint vc="0" uspid="226" ordinal="21" sl="226" sc="1" el="226" ec="2" bec="0" bev="0" fileid="5" />
                <SequencePoint vc="0" uspid="227" ordinal="22" sl="227" sc="1" el="227" ec="2" bec="0" bev="0" fileid="5" />
                <SequencePoint vc="0" uspid="228" ordinal="23" sl="228" sc="1" el="228" ec="2" bec="0" bev="0" fileid="5" />
                <SequencePoint vc="0" uspid="229" ordinal="24" sl="229" sc="1" el="229" ec="2" bec="0" bev="0" fileid="5" />
                <SequencePoint vc="0" uspid="230" ordinal="25" sl="230" sc="1" el="230" ec="2" bec="0" bev="0" fileid="5" />
                <SequencePoint vc="0" uspid="231" ordinal="26" sl="231" sc="1" el="231" ec="2" bec="0" bev="0" fileid="5" />
                <SequencePoint vc="0" uspid="232" ordinal="27" sl="232" sc="1" el="232" ec="2" bec="0" bev="0" fileid="5" />
                <SequencePoint vc="0" uspid="233" ordinal="28" sl="233" sc="1" el="233" ec="2" bec="0" bev="0" fileid="5" />
                <SequencePoint vc="0" uspid="234" ordinal="29" sl="234" sc="1" el="234" ec="2" bec="0" bev="0" fileid="5" />
                <SequencePoint vc="0" uspid="235" ordinal="30" sl="235" sc="1" el="235" ec="2" bec="0" bev="0" fileid="5" />
                <SequencePoint vc="0" uspid="236" ordinal="31" sl="236" sc="1" el="236" ec="2" bec="0" bev="0" fileid="5" />
                <SequencePoint vc="0" uspid="237" ordinal="32" sl="237" sc="1" el="237" ec="2" bec="0" bev="0" fileid="5" />
                <SequencePoint vc="0" uspid="238" ordinal="33" sl="238" sc="1" el="238" ec="2" bec="0" bev="0" fileid="5" />
                <SequencePoint vc="0" uspid="239" ordinal="34" sl="239" sc="1" el="239" ec="2" bec="0" bev="0" fileid="5" />
                <SequencePoint vc="0" uspid="240" ordinal="35" sl="240" sc="1" el="240" ec="2" bec="0" bev="0" fileid="5" />
                <SequencePoint vc="0" uspid="241" ordinal="36" sl="241" sc="1" el="241" ec="2" bec="0" bev="0" fileid="5" />
                <SequencePoint vc="0" uspid="242" ordinal="37" sl="242" sc="1" el="242" ec="2" bec="0" bev="0" fileid="5" />
                <SequencePoint vc="0" uspid="243" ordinal="38" sl="243" sc="1" el="243" ec="2" bec="0" bev="0" fileid="5" />
                <SequencePoint vc="0" uspid="244" ordinal="39" sl="244" sc="1" el="244" ec="2" bec="0" bev="0" fileid="5" />
                <SequencePoint vc="0" uspid="245" ordinal="40" sl="245" sc="1" el="245" ec="2" bec="0" bev="0" fileid="5" />
                <SequencePoint vc="0" uspid="246" ordinal="41" sl="246" sc="1" el="246" ec="2" bec="0" bev="0" fileid="5" />
                <SequencePoint vc="0" uspid="248" ordinal="42" sl="248" sc="1" el="248" ec="2" bec="2" bev="0" fileid="5" />
                <SequencePoint vc="0" uspid="249" ordinal="43" sl="249" sc="1" el="249" ec="2" bec="0" bev="0" fileid="5" />
                <SequencePoint vc="0" uspid="250" ordinal="44" sl="250" sc="1" el="250" ec="2" bec="0" bev="0" fileid="5" />
                <SequencePoint vc="0" uspid="251" ordinal="45" sl="251" sc="1" el="251" ec="2" bec="0" bev="0" fileid="5" />
                <SequencePoint vc="0" uspid="252" ordinal="46" sl="252" sc="1" el="252" ec="2" bec="0" bev="0" fileid="5" />
                <SequencePoint vc="0" uspid="253" ordinal="47" sl="253" sc="1" el="253" ec="2" bec="0" bev="0" fileid="5" />
                <SequencePoint vc="0" uspid="254" ordinal="48" sl="254" sc="1" el="254" ec="2" bec="0" bev="0" fileid="5" />
                <SequencePoint vc="0" uspid="255" ordinal="49" sl="255" sc="1" el="255" ec="2" bec="4" bev="0" fileid="5" />
                <SequencePoint vc="0" uspid="256" ordinal="50" sl="256" sc="1" el="256" ec="2" bec="0" bev="0" fileid="5" />
                <SequencePoint vc="0" uspid="260" ordinal="51" sl="260" sc="1" el="260" ec="2" bec="0" bev="0" fileid="5" />
                <SequencePoint vc="0" uspid="261" ordinal="52" sl="261" sc="1" el="261" ec="2" bec="0" bev="0" fileid="5" />
              </SequencePoints>
              <BranchPoints>
                <BranchPoint vc="0" uspid="248" ordinal="0" path="0" offset="473" offsetend="475" sl="248" fileid="5" />
                <BranchPoint vc="0" uspid="248" ordinal="1" path="1" offset="473" offsetend="479" sl="248" fileid="5" />
                <BranchPoint vc="0" uspid="255" ordinal="0" path="0" offset="14" offsetend="16" sl="255" fileid="5" />
                <BranchPoint vc="0" uspid="255" ordinal="2" path="0" offset="27" offsetend="29" sl="255" fileid="5" />
                <BranchPoint vc="0" uspid="255" ordinal="3" path="1" offset="27" offsetend="55" sl="255" fileid="5" />
                <BranchPoint vc="0" uspid="255" ordinal="1" path="1" offset="14" offsetend="58" sl="255" fileid="5" />
              </BranchPoints>
              <MethodPoint vc="0" uspid="0" p8:type="SequencePoint" ordinal="8" offset="8" sc="0" sl="205" ec="1" el="261" bec="0" bev="0" fileid="5" xmlns:p8="xsi" />
            </Method>
            <Method cyclomaticComplexity="8" nPathComplexity="0" sequenceCoverage="0" branchCoverage="0" isConstructor="False" isGetter="False" isSetter="False" isStatic="True">
              <Summary numSequencePoints="15" visitedSequencePoints="0" numBranchPoints="8" visitedBranchPoints="0" sequenceCoverage="0" branchCoverage="0" maxCyclomaticComplexity="8" minCyclomaticComplexity="8" visitedClasses="0" numClasses="0" visitedMethods="0" numMethods="1" />
              <MetadataToken />
              <Name>System.Object FakeXrmEasy.Pipeline.IXrmFakedContextPipelineExtensions::GetTargetForRequest(Microsoft.Xrm.Sdk.OrganizationRequest)</Name>
              <FileRef uid="5" />
              <SequencePoints>
                <SequencePoint vc="0" uspid="264" ordinal="0" sl="264" sc="1" el="264" ec="2" bec="0" bev="0" fileid="5" />
                <SequencePoint vc="0" uspid="265" ordinal="1" sl="265" sc="1" el="265" ec="2" bec="2" bev="0" fileid="5" />
                <SequencePoint vc="0" uspid="266" ordinal="2" sl="266" sc="1" el="266" ec="2" bec="0" bev="0" fileid="5" />
                <SequencePoint vc="0" uspid="267" ordinal="3" sl="267" sc="1" el="267" ec="2" bec="0" bev="0" fileid="5" />
                <SequencePoint vc="0" uspid="269" ordinal="4" sl="269" sc="1" el="269" ec="2" bec="2" bev="0" fileid="5" />
                <SequencePoint vc="0" uspid="270" ordinal="5" sl="270" sc="1" el="270" ec="2" bec="0" bev="0" fileid="5" />
                <SequencePoint vc="0" uspid="271" ordinal="6" sl="271" sc="1" el="271" ec="2" bec="0" bev="0" fileid="5" />
                <SequencePoint vc="0" uspid="279" ordinal="7" sl="279" sc="1" el="279" ec="2" bec="2" bev="0" fileid="5" />
                <SequencePoint vc="0" uspid="280" ordinal="8" sl="280" sc="1" el="280" ec="2" bec="0" bev="0" fileid="5" />
                <SequencePoint vc="0" uspid="281" ordinal="9" sl="281" sc="1" el="281" ec="2" bec="0" bev="0" fileid="5" />
                <SequencePoint vc="0" uspid="283" ordinal="10" sl="283" sc="1" el="283" ec="2" bec="2" bev="0" fileid="5" />
                <SequencePoint vc="0" uspid="284" ordinal="11" sl="284" sc="1" el="284" ec="2" bec="0" bev="0" fileid="5" />
                <SequencePoint vc="0" uspid="285" ordinal="12" sl="285" sc="1" el="285" ec="2" bec="0" bev="0" fileid="5" />
                <SequencePoint vc="0" uspid="287" ordinal="13" sl="287" sc="1" el="287" ec="2" bec="0" bev="0" fileid="5" />
                <SequencePoint vc="0" uspid="288" ordinal="14" sl="288" sc="1" el="288" ec="2" bec="0" bev="0" fileid="5" />
              </SequencePoints>
              <BranchPoints>
                <BranchPoint vc="0" uspid="265" ordinal="0" path="0" offset="12" offsetend="14" sl="265" fileid="5" />
                <BranchPoint vc="0" uspid="265" ordinal="1" path="1" offset="12" offsetend="29" sl="265" fileid="5" />
                <BranchPoint vc="0" uspid="269" ordinal="2" path="0" offset="40" offsetend="42" sl="269" fileid="5" />
                <BranchPoint vc="0" uspid="269" ordinal="3" path="1" offset="40" offsetend="57" sl="269" fileid="5" />
                <BranchPoint vc="0" uspid="279" ordinal="4" path="0" offset="68" offsetend="70" sl="279" fileid="5" />
                <BranchPoint vc="0" uspid="279" ordinal="5" path="1" offset="68" offsetend="85" sl="279" fileid="5" />
                <BranchPoint vc="0" uspid="283" ordinal="6" path="0" offset="98" offsetend="100" sl="283" fileid="5" />
                <BranchPoint vc="0" uspid="283" ordinal="7" path="1" offset="98" offsetend="115" sl="283" fileid="5" />
              </BranchPoints>
              <MethodPoint vc="0" uspid="0" p8:type="SequencePoint" ordinal="9" offset="9" sc="0" sl="264" ec="1" el="288" bec="0" bev="0" fileid="5" xmlns:p8="xsi" />
            </Method>
          </Methods>
        </Class>
      </Classes>
    </Module>
  </Modules>
</CoverageSession>